Log file open, 08/24/20 20:30:51
LogWindows: Failed to load 'aqProf.dll' (GetLastError=126)
LogWindows: File 'aqProf.dll' does not exist
LogWindows: Failed to load 'VtuneApi.dll' (GetLastError=126)
LogWindows: File 'VtuneApi.dll' does not exist
LogWindows: Failed to load 'VtuneApi32e.dll' (GetLastError=126)
LogWindows: File 'VtuneApi32e.dll' does not exist
LogConsoleResponse: Display: Failed to find resolution value strings in scalability ini. Falling back to default.
LogInit: Display: Running engine for game: AutomationScripts
LogPlatformFile: Not using cached read wrapper
LogTaskGraph: Started task graph with 5 named threads and 47 total threads with 3 sets of task threads.
LogStats: Stats thread started at 0.065238
LogD3D11RHI: Loaded GFSDK_Aftermath_Lib.x64.dll
LogICUInternationalization: ICU TimeZone Detection - Raw Offset: -5:00, Platform Override: ''
LogPluginManager: Mounting plugin Paper2D
LogPluginManager: Mounting plugin AISupport
LogPluginManager: Mounting plugin LightPropagationVolume
LogPluginManager: Mounting plugin ActorLayerUtilities
LogPluginManager: Mounting plugin AnimationSharing
LogPluginManager: Mounting plugin CLionSourceCodeAccess
LogPluginManager: Mounting plugin CodeLiteSourceCodeAccess
LogPluginManager: Mounting plugin GitSourceControl
LogPluginManager: Mounting plugin KDevelopSourceCodeAccess
LogPluginManager: Mounting plugin NullSourceCodeAccess
LogPluginManager: Mounting plugin PerforceSourceControl
LogPluginManager: Mounting plugin PlasticSourceControl
LogPluginManager: Mounting plugin SubversionSourceControl
LogPluginManager: Mounting plugin UObjectPlugin
LogPluginManager: Mounting plugin VisualStudioCodeSourceCodeAccess
LogPluginManager: Mounting plugin VisualStudioSourceCodeAccess
LogPluginManager: Mounting plugin XCodeSourceCodeAccess
LogPluginManager: Mounting plugin AssetManagerEditor
LogPluginManager: Mounting plugin CryptoKeys
LogPluginManager: Mounting plugin CurveEditorTools
LogPluginManager: Mounting plugin DataValidation
LogPluginManager: Mounting plugin EditorScriptingUtilities
LogPluginManager: Mounting plugin FacialAnimation
LogPluginManager: Mounting plugin GameplayTagsEditor
LogPluginManager: Mounting plugin MacGraphicsSwitching
LogPluginManager: Mounting plugin MaterialAnalyzer
LogPluginManager: Mounting plugin MobileLauncherProfileWizard
LogPluginManager: Mounting plugin PluginBrowser
LogPluginManager: Mounting plugin SpeedTreeImporter
LogPluginManager: Mounting plugin DatasmithContent
LogPluginManager: Mounting plugin VariantManagerContent
LogPluginManager: Mounting plugin AlembicImporter
LogPluginManager: Mounting plugin AutomationUtils
LogPluginManager: Mounting plugin BackChannel
LogPluginManager: Mounting plugin CharacterAI
LogPluginManager: Mounting plugin GeometryCache
LogPluginManager: Mounting plugin PlatformCrypto
LogPluginManager: Mounting plugin ProxyLODPlugin
LogPluginManager: Mounting plugin PythonScriptPlugin
LogPluginManager: Mounting plugin SkeletalReduction
LogPluginManager: Mounting plugin MagicLeap
LogPluginManager: Mounting plugin MagicLeapMedia
LogPluginManager: Mounting plugin MLSDK
LogPluginManager: Mounting plugin PTMTool
LogPluginManager: Mounting plugin RiderSourceCodeAccess
LogPluginManager: Mounting plugin AndroidMedia
LogPluginManager: Mounting plugin AvfMedia
LogPluginManager: Mounting plugin ImgMedia
LogPluginManager: Mounting plugin MediaCompositing
LogPluginManager: Mounting plugin MediaPlayerEditor
LogPluginManager: Mounting plugin WebMMedia
LogPluginManager: Mounting plugin WmfMedia
LogPluginManager: Mounting plugin TcpMessaging
LogPluginManager: Mounting plugin UdpMessaging
LogPluginManager: Mounting plugin ActorSequence
LogPluginManager: Mounting plugin LevelSequenceEditor
LogPluginManager: Mounting plugin MatineeToLevelSequence
LogPluginManager: Mounting plugin SequencerScripting
LogPluginManager: Mounting plugin NetcodeUnitTest
LogPluginManager: Mounting plugin NUTUnrealEngine4
LogPluginManager: Mounting plugin OnlineSubsystemGooglePlay
LogPluginManager: Mounting plugin OnlineSubsystemIOS
LogPluginManager: Mounting plugin OnlineSubsystem
LogPluginManager: Mounting plugin OnlineSubsystemNull
LogPluginManager: Mounting plugin OnlineSubsystemUtils
LogPluginManager: Mounting plugin LauncherChunkInstaller
LogPluginManager: Mounting plugin AndroidDeviceProfileSelector
LogPluginManager: Mounting plugin AndroidMoviePlayer
LogPluginManager: Mounting plugin AndroidPermission
LogPluginManager: Mounting plugin AppleImageUtils
LogPluginManager: Mounting plugin AppleMoviePlayer
LogPluginManager: Mounting plugin ArchVisCharacter
LogPluginManager: Mounting plugin AssetTags
LogPluginManager: Mounting plugin AudioCapture
LogPluginManager: Mounting plugin CableComponent
LogPluginManager: Mounting plugin CustomMeshComponent
LogPluginManager: Mounting plugin EditableMesh
LogPluginManager: Mounting plugin ExampleDeviceProfileSelector
LogPluginManager: Mounting plugin GoogleCloudMessaging
LogPluginManager: Mounting plugin IOSDeviceProfileSelector
LogPluginManager: Mounting plugin LinuxDeviceProfileSelector
LogPluginManager: Mounting plugin LocationServicesBPLibrary
LogPluginManager: Mounting plugin MobilePatchingUtils
LogPluginManager: Mounting plugin OculusVR
LogPluginManager: Mounting plugin PhysXVehicles
LogPluginManager: Mounting plugin PostSplashScreen
LogPluginManager: Mounting plugin ProceduralMeshComponent
LogPluginManager: Mounting plugin RuntimePhysXCooking
LogPluginManager: Mounting plugin SignificanceManager
LogPluginManager: Mounting plugin SteamVR
LogPluginManager: Mounting plugin WebMMoviePlayer
LogPluginManager: Mounting plugin WindowsMoviePlayer
LogPluginManager: Mounting plugin ScreenshotTools
LogInit: Using libcurl 7.55.1-DEV
LogInit:  - built for x86_64-pc-win32
LogInit:  - supports SSL with OpenSSL/1.1.1
LogInit:  - supports HTTP deflate (compression) using libz 1.2.8
LogInit:  - other features:
LogInit:      CURL_VERSION_SSL
LogInit:      CURL_VERSION_LIBZ
LogInit:      CURL_VERSION_IPV6
LogInit:      CURL_VERSION_ASYNCHDNS
LogInit:      CURL_VERSION_LARGEFILE
LogInit:      CURL_VERSION_IDN
LogInit:  CurlRequestOptions (configurable via config and command line):
LogInit:  - bVerifyPeer = true  - Libcurl will verify peer certificate
LogInit:  - bUseHttpProxy = false  - Libcurl will NOT use HTTP proxy
LogInit:  - bDontReuseConnections = false  - Libcurl will reuse connections
LogInit:  - MaxHostConnections = 16  - Libcurl will limit the number of connections to a host
LogInit:  - LocalHostAddr = Default
LogInit:  - BufferSize = 65536
LogOnline: OSS: Creating online subsystem instance for: NULL
LogInit: WinSock: version 1.1 (2.2), MaxSocks=32767, MaxUdp=65467
LogOnline: OSS: TryLoadSubsystemAndSetDefault: Loaded subsystem for module [NULL]
LogHMD: Failed initializing OVRPlugin 1.40.0
LogInit: Build: ++UE4+Release-4.24-CL-11590370
LogInit: Engine Version: 4.24.3-11590370+++UE4+Release-4.24
LogInit: Compatible Engine Version: 4.24.0-10570792+++UE4+Release-4.24
LogInit: Net CL: 10570792
LogInit: OS: Windows 10 (Release 2009) (), CPU: Intel(R) Core(TM) i9-9900KF CPU @ 3.60GHz, GPU: NVIDIA GeForce RTX 2080 Ti
LogInit: Compiled (64-bit): Feb 24 2020 15:39:18
LogInit: Compiled with Visual C++: 19.16.27032.01
LogInit: Build Configuration: Development
LogInit: Branch Name: ++UE4+Release-4.24
LogInit: Command Line: 
LogInit: Base Directory: C:/Program Files/Epic Games/UE_4.24/Engine/Binaries/Win64/
LogInit: Installed Engine Build: 1
LogDevObjectVersion: Number of dev versions registered: 25
LogDevObjectVersion:   Dev-Blueprints (B0D832E4-1F89-4F0D-ACCF-7EB736FD4AA2): 10
LogDevObjectVersion:   Dev-Build (E1C64328-A22C-4D53-A36C-8E866417BD8C): 0
LogDevObjectVersion:   Dev-Core (375EC13C-06E4-48FB-B500-84F0262A717E): 3
LogDevObjectVersion:   Dev-Editor (E4B068ED-F494-42E9-A231-DA0B2E46BB41): 37
LogDevObjectVersion:   Dev-Framework (CFFC743F-43B0-4480-9391-14DF171D2073): 36
LogDevObjectVersion:   Dev-Mobile (B02B49B5-BB20-44E9-A304-32B752E40360): 2
LogDevObjectVersion:   Dev-Networking (A4E4105C-59A1-49B5-A7C5-40C4547EDFEE): 0
LogDevObjectVersion:   Dev-Online (39C831C9-5AE6-47DC-9A44-9C173E1C8E7C): 0
LogDevObjectVersion:   Dev-Physics (78F01B33-EBEA-4F98-B9B4-84EACCB95AA2): 2
LogDevObjectVersion:   Dev-Platform (6631380F-2D4D-43E0-8009-CF276956A95A): 0
LogDevObjectVersion:   Dev-Rendering (12F88B9F-8875-4AFC-A67C-D90C383ABD29): 36
LogDevObjectVersion:   Dev-Sequencer (7B5AE74C-D270-4C10-A958-57980B212A5A): 11
LogDevObjectVersion:   Dev-VR (D7296918-1DD6-4BDD-9DE2-64A83CC13884): 2
LogDevObjectVersion:   Dev-LoadTimes (C2A15278-BFE7-4AFE-6C17-90FF531DF755): 1
LogDevObjectVersion:   Private-Geometry (6EACA3D4-40EC-4CC1-B786-8BED09428FC5): 3
LogDevObjectVersion:   Dev-AnimPhys (29E575DD-E0A3-4627-9D10-D276232CDCEA): 17
LogDevObjectVersion:   Dev-Anim (AF43A65D-7FD3-4947-9873-3E8ED9C1BB05): 2
LogDevObjectVersion:   Dev-ReflectionCapture (6B266CEC-1EC7-4B8F-A30B-E4D90942FC07): 1
LogDevObjectVersion:   Dev-Automation (0DF73D61-A23F-47EA-B727-89E90C41499A): 1
LogDevObjectVersion:   FortniteMain (601D1886-AC64-4F84-AA16-D3DE0DEAC7D6): 31
LogDevObjectVersion:   Dev-Enterprise (9DFFBCD6-494F-0158-E221-12823C92A888): 8
LogDevObjectVersion:   Dev-Niagara (F2AED0AC-9AFE-416F-8664-AA7FFA26D6FC): 1
LogDevObjectVersion:   Dev-Destruction (174F1F0B-B4C6-45A5-B13F-2EE8D0FB917D): 9
LogDevObjectVersion:   Dev-Physics-Ext (35F94A83-E258-406C-A318-09F59610247C): 8
LogDevObjectVersion:   Dev-CineCamera (B2E18506-4273-CFC2-A54E-F4BB758BBA07): 1
LogInit: Presizing for max 25165824 objects, including 0 objects not considered by GC, pre-allocating 0 bytes for permanent pool.
LogInit: Object subsystem initialized
LogConfig: Setting CVar [[con.DebugEarlyDefault:1]]
LogConfig: Setting CVar [[r.setres:1280x720]]
[2020.08.25-00.30.52:137][  0]LogConfig: Setting CVar [[r.VSync:0]]
[2020.08.25-00.30.52:137][  0]LogConfig: Setting CVar [[r.RHICmdBypass:0]]
[2020.08.25-00.30.52:137][  0]LogConfig: Applying CVar settings from Section [/Script/Engine.RendererSettings] File [E:/Github/Unreal_Automation_Scripts/AutomationScripts/Saved/Config/Windows/Engine.ini]
[2020.08.25-00.30.52:137][  0]LogConfig: Setting CVar [[r.GPUCrashDebugging:0]]
[2020.08.25-00.30.52:137][  0]LogConfig: Applying CVar settings from Section [/Script/Engine.RendererOverrideSettings] File [E:/Github/Unreal_Automation_Scripts/AutomationScripts/Saved/Config/Windows/Engine.ini]
[2020.08.25-00.30.52:137][  0]LogConfig: Applying CVar settings from Section [/Script/Engine.StreamingSettings] File [E:/Github/Unreal_Automation_Scripts/AutomationScripts/Saved/Config/Windows/Engine.ini]
[2020.08.25-00.30.52:137][  0]LogConfig: Setting CVar [[s.MinBulkDataSizeForAsyncLoading:131072]]
[2020.08.25-00.30.52:137][  0]LogConfig: Setting CVar [[s.AsyncLoadingThreadEnabled:0]]
[2020.08.25-00.30.52:137][  0]LogConfig: Setting CVar [[s.EventDrivenLoaderEnabled:1]]
[2020.08.25-00.30.52:137][  0]LogConfig: Setting CVar [[s.WarnIfTimeLimitExceeded:0]]
[2020.08.25-00.30.52:137][  0]LogConfig: Setting CVar [[s.TimeLimitExceededMultiplier:1.5]]
[2020.08.25-00.30.52:137][  0]LogConfig: Setting CVar [[s.TimeLimitExceededMinTime:0.005]]
[2020.08.25-00.30.52:137][  0]LogConfig: Setting CVar [[s.UseBackgroundLevelStreaming:1]]
[2020.08.25-00.30.52:137][  0]LogConfig: Setting CVar [[s.PriorityAsyncLoadingExtraTime:15.0]]
[2020.08.25-00.30.52:137][  0]LogConfig: Setting CVar [[s.LevelStreamingActorsUpdateTimeLimit:5.0]]
[2020.08.25-00.30.52:137][  0]LogConfig: Setting CVar [[s.PriorityLevelStreamingActorsUpdateExtraTime:5.0]]
[2020.08.25-00.30.52:137][  0]LogConfig: Setting CVar [[s.LevelStreamingComponentsRegistrationGranularity:10]]
[2020.08.25-00.30.52:137][  0]LogConfig: Setting CVar [[s.UnregisterComponentsTimeLimit:1.0]]
[2020.08.25-00.30.52:137][  0]LogConfig: Setting CVar [[s.LevelStreamingComponentsUnregistrationGranularity:5]]
[2020.08.25-00.30.52:137][  0]LogConfig: Setting CVar [[s.FlushStreamingOnExit:1]]
[2020.08.25-00.30.52:137][  0]LogConfig: Applying CVar settings from Section [/Script/Engine.GarbageCollectionSettings] File [E:/Github/Unreal_Automation_Scripts/AutomationScripts/Saved/Config/Windows/Engine.ini]
[2020.08.25-00.30.52:137][  0]LogConfig: Setting CVar [[gc.MaxObjectsNotConsideredByGC:1]]
[2020.08.25-00.30.52:137][  0]LogConfig: Setting CVar [[gc.SizeOfPermanentObjectPool:0]]
[2020.08.25-00.30.52:137][  0]LogConfig: Setting CVar [[gc.FlushStreamingOnGC:0]]
[2020.08.25-00.30.52:137][  0]LogConfig: Setting CVar [[gc.NumRetriesBeforeForcingGC:10]]
[2020.08.25-00.30.52:137][  0]LogConfig: Setting CVar [[gc.AllowParallelGC:1]]
[2020.08.25-00.30.52:137][  0]LogConfig: Setting CVar [[gc.TimeBetweenPurgingPendingKillObjects:61.1]]
[2020.08.25-00.30.52:137][  0]LogConfig: Setting CVar [[gc.MaxObjectsInEditor:25165824]]
[2020.08.25-00.30.52:137][  0]LogConfig: Setting CVar [[gc.IncrementalBeginDestroyEnabled:1]]
[2020.08.25-00.30.52:137][  0]LogConfig: Setting CVar [[gc.CreateGCClusters:1]]
[2020.08.25-00.30.52:137][  0]LogConfig: Setting CVar [[gc.MinGCClusterSize:5]]
[2020.08.25-00.30.52:137][  0]LogConfig: Setting CVar [[gc.ActorClusteringEnabled:0]]
[2020.08.25-00.30.52:137][  0]LogConfig: Setting CVar [[gc.BlueprintClusteringEnabled:0]]
[2020.08.25-00.30.52:137][  0]LogConfig: Setting CVar [[gc.UseDisregardForGCOnDedicatedServers:0]]
[2020.08.25-00.30.52:137][  0]LogConfig: Applying CVar settings from Section [/Script/Engine.NetworkSettings] File [E:/Github/Unreal_Automation_Scripts/AutomationScripts/Saved/Config/Windows/Engine.ini]
[2020.08.25-00.30.52:137][  0]LogConfig: Applying CVar settings from Section [/Script/UnrealEd.CookerSettings] File [E:/Github/Unreal_Automation_Scripts/AutomationScripts/Saved/Config/Windows/Engine.ini]
[2020.08.25-00.30.52:140][  0]LogConfig: Applying CVar settings from Section [ViewDistanceQuality@3] File [E:/Github/Unreal_Automation_Scripts/AutomationScripts/Saved/Config/Windows/Scalability.ini]
[2020.08.25-00.30.52:140][  0]LogConfig: Setting CVar [[r.SkeletalMeshLODBias:0]]
[2020.08.25-00.30.52:140][  0]LogConfig: Setting CVar [[r.ViewDistanceScale:1.0]]
[2020.08.25-00.30.52:140][  0]LogConfig: Applying CVar settings from Section [AntiAliasingQuality@3] File [E:/Github/Unreal_Automation_Scripts/AutomationScripts/Saved/Config/Windows/Scalability.ini]
[2020.08.25-00.30.52:140][  0]LogConfig: Setting CVar [[r.PostProcessAAQuality:4]]
[2020.08.25-00.30.52:140][  0]LogConfig: Applying CVar settings from Section [ShadowQuality@3] File [E:/Github/Unreal_Automation_Scripts/AutomationScripts/Saved/Config/Windows/Scalability.ini]
[2020.08.25-00.30.52:140][  0]LogConfig: Setting CVar [[r.LightFunctionQuality:1]]
[2020.08.25-00.30.52:140][  0]LogConfig: Setting CVar [[r.ShadowQuality:5]]
[2020.08.25-00.30.52:140][  0]LogConfig: Setting CVar [[r.Shadow.CSM.MaxCascades:10]]
[2020.08.25-00.30.52:140][  0]LogConfig: Setting CVar [[r.Shadow.MaxResolution:2048]]
[2020.08.25-00.30.52:140][  0]LogConfig: Setting CVar [[r.Shadow.MaxCSMResolution:2048]]
[2020.08.25-00.30.52:140][  0]LogConfig: Setting CVar [[r.Shadow.RadiusThreshold:0.01]]
[2020.08.25-00.30.52:140][  0]LogConfig: Setting CVar [[r.Shadow.DistanceScale:1.0]]
[2020.08.25-00.30.52:140][  0]LogConfig: Setting CVar [[r.Shadow.CSM.TransitionScale:1.0]]
[2020.08.25-00.30.52:140][  0]LogConfig: Setting CVar [[r.Shadow.PreShadowResolutionFactor:1.0]]
[2020.08.25-00.30.52:140][  0]LogConfig: Setting CVar [[r.DistanceFieldShadowing:1]]
[2020.08.25-00.30.52:140][  0]LogConfig: Setting CVar [[r.DistanceFieldAO:1]]
[2020.08.25-00.30.52:140][  0]LogConfig: Setting CVar [[r.AOQuality:2]]
[2020.08.25-00.30.52:140][  0]LogConfig: Setting CVar [[r.VolumetricFog:1]]
[2020.08.25-00.30.52:140][  0]LogConfig: Setting CVar [[r.VolumetricFog.GridPixelSize:8]]
[2020.08.25-00.30.52:140][  0]LogConfig: Setting CVar [[r.VolumetricFog.GridSizeZ:128]]
[2020.08.25-00.30.52:140][  0]LogConfig: Setting CVar [[r.VolumetricFog.HistoryMissSupersampleCount:4]]
[2020.08.25-00.30.52:140][  0]LogConfig: Setting CVar [[r.LightMaxDrawDistanceScale:1]]
[2020.08.25-00.30.52:140][  0]LogConfig: Setting CVar [[r.CapsuleShadows:1]]
[2020.08.25-00.30.52:140][  0]LogConfig: Applying CVar settings from Section [PostProcessQuality@3] File [E:/Github/Unreal_Automation_Scripts/AutomationScripts/Saved/Config/Windows/Scalability.ini]
[2020.08.25-00.30.52:140][  0]LogConfig: Setting CVar [[r.MotionBlurQuality:4]]
[2020.08.25-00.30.52:140][  0]LogConfig: Setting CVar [[r.AmbientOcclusionMipLevelFactor:0.4]]
[2020.08.25-00.30.52:140][  0]LogConfig: Setting CVar [[r.AmbientOcclusionMaxQuality:100]]
[2020.08.25-00.30.52:140][  0]LogConfig: Setting CVar [[r.AmbientOcclusionLevels:-1]]
[2020.08.25-00.30.52:140][  0]LogConfig: Setting CVar [[r.AmbientOcclusionRadiusScale:1.0]]
[2020.08.25-00.30.52:140][  0]LogConfig: Setting CVar [[r.DepthOfFieldQuality:2]]
[2020.08.25-00.30.52:140][  0]LogConfig: Setting CVar [[r.RenderTargetPoolMin:400]]
[2020.08.25-00.30.52:140][  0]LogConfig: Setting CVar [[r.LensFlareQuality:2]]
[2020.08.25-00.30.52:140][  0]LogConfig: Setting CVar [[r.SceneColorFringeQuality:1]]
[2020.08.25-00.30.52:140][  0]LogConfig: Setting CVar [[r.EyeAdaptationQuality:2]]
[2020.08.25-00.30.52:140][  0]LogConfig: Setting CVar [[r.BloomQuality:5]]
[2020.08.25-00.30.52:140][  0]LogConfig: Setting CVar [[r.FastBlurThreshold:100]]
[2020.08.25-00.30.52:140][  0]LogConfig: Setting CVar [[r.Upscale.Quality:3]]
[2020.08.25-00.30.52:140][  0]LogConfig: Setting CVar [[r.Tonemapper.GrainQuantization:1]]
[2020.08.25-00.30.52:140][  0]LogConfig: Setting CVar [[r.LightShaftQuality:1]]
[2020.08.25-00.30.52:140][  0]LogConfig: Setting CVar [[r.Filter.SizeScale:1]]
[2020.08.25-00.30.52:140][  0]LogConfig: Setting CVar [[r.Tonemapper.Quality:5]]
[2020.08.25-00.30.52:140][  0]LogConfig: Setting CVar [[r.DOF.Gather.AccumulatorQuality:1        ; higher gathering accumulator quality]]
[2020.08.25-00.30.52:140][  0]LogConfig: Setting CVar [[r.DOF.Gather.PostfilterMethod:1          ; Median3x3 postfilering method]]
[2020.08.25-00.30.52:140][  0]LogConfig: Setting CVar [[r.DOF.Gather.EnableBokehSettings:0       ; no bokeh simulation when gathering]]
[2020.08.25-00.30.52:141][  0]LogConfig: Setting CVar [[r.DOF.Gather.RingCount:4                 ; medium number of samples when gathering]]
[2020.08.25-00.30.52:141][  0]LogConfig: Setting CVar [[r.DOF.Scatter.ForegroundCompositing:1    ; additive foreground scattering]]
[2020.08.25-00.30.52:141][  0]LogConfig: Setting CVar [[r.DOF.Scatter.BackgroundCompositing:2    ; additive background scattering]]
[2020.08.25-00.30.52:141][  0]LogConfig: Setting CVar [[r.DOF.Scatter.EnableBokehSettings:1      ; bokeh simulation when scattering]]
[2020.08.25-00.30.52:141][  0]LogConfig: Setting CVar [[r.DOF.Scatter.MaxSpriteRatio:0.1         ; only a maximum of 10% of scattered bokeh]]
[2020.08.25-00.30.52:141][  0]LogConfig: Setting CVar [[r.DOF.Recombine.Quality:1                ; cheap slight out of focus]]
[2020.08.25-00.30.52:141][  0]LogConfig: Setting CVar [[r.DOF.Recombine.EnableBokehSettings:0    ; no bokeh simulation on slight out of focus]]
[2020.08.25-00.30.52:141][  0]LogConfig: Setting CVar [[r.DOF.TemporalAAQuality:1                ; more stable temporal accumulation]]
[2020.08.25-00.30.52:141][  0]LogConfig: Setting CVar [[r.DOF.Kernel.MaxForegroundRadius:0.025]]
[2020.08.25-00.30.52:141][  0]LogConfig: Setting CVar [[r.DOF.Kernel.MaxBackgroundRadius:0.025]]
[2020.08.25-00.30.52:141][  0]LogConfig: Applying CVar settings from Section [TextureQuality@3] File [E:/Github/Unreal_Automation_Scripts/AutomationScripts/Saved/Config/Windows/Scalability.ini]
[2020.08.25-00.30.52:141][  0]LogConfig: Setting CVar [[r.Streaming.MipBias:0]]
[2020.08.25-00.30.52:141][  0]LogConfig: Setting CVar [[r.Streaming.AmortizeCPUToGPUCopy:0]]
[2020.08.25-00.30.52:141][  0]LogConfig: Setting CVar [[r.Streaming.MaxNumTexturesToStreamPerFrame:0]]
[2020.08.25-00.30.52:141][  0]LogConfig: Setting CVar [[r.Streaming.Boost:1]]
[2020.08.25-00.30.52:141][  0]LogConfig: Setting CVar [[r.MaxAnisotropy:8]]
[2020.08.25-00.30.52:141][  0]LogConfig: Setting CVar [[r.VT.MaxAnisotropy:8]]
[2020.08.25-00.30.52:141][  0]LogConfig: Setting CVar [[r.Streaming.LimitPoolSizeToVRAM:0]]
[2020.08.25-00.30.52:141][  0]LogConfig: Setting CVar [[r.Streaming.PoolSize:1000]]
[2020.08.25-00.30.52:141][  0]LogConfig: Setting CVar [[r.Streaming.MaxEffectiveScreenSize:0]]
[2020.08.25-00.30.52:141][  0]LogConfig: Applying CVar settings from Section [EffectsQuality@3] File [E:/Github/Unreal_Automation_Scripts/AutomationScripts/Saved/Config/Windows/Scalability.ini]
[2020.08.25-00.30.52:141][  0]LogConfig: Setting CVar [[r.TranslucencyLightingVolumeDim:64]]
[2020.08.25-00.30.52:141][  0]LogConfig: Setting CVar [[r.RefractionQuality:2]]
[2020.08.25-00.30.52:141][  0]LogConfig: Setting CVar [[r.SSR.Quality:3]]
[2020.08.25-00.30.52:141][  0]LogConfig: Setting CVar [[r.SSR.HalfResSceneColor:0]]
[2020.08.25-00.30.52:141][  0]LogConfig: Setting CVar [[r.SceneColorFormat:4]]
[2020.08.25-00.30.52:141][  0]LogConfig: Setting CVar [[r.DetailMode:2]]
[2020.08.25-00.30.52:141][  0]LogConfig: Setting CVar [[r.TranslucencyVolumeBlur:1]]
[2020.08.25-00.30.52:141][  0]LogConfig: Setting CVar [[r.MaterialQualityLevel:1 ; High quality]]
[2020.08.25-00.30.52:141][  0]LogConfig: Setting CVar [[r.SSS.Scale:1]]
[2020.08.25-00.30.52:141][  0]LogConfig: Setting CVar [[r.SSS.SampleSet:2]]
[2020.08.25-00.30.52:141][  0]LogConfig: Setting CVar [[r.SSS.Quality:1]]
[2020.08.25-00.30.52:141][  0]LogConfig: Setting CVar [[r.SSS.HalfRes:1]]
[2020.08.25-00.30.52:141][  0]LogConfig: Setting CVar [[r.SSGI.Quality:3]]
[2020.08.25-00.30.52:141][  0]LogConfig: Setting CVar [[r.EmitterSpawnRateScale:1.0]]
[2020.08.25-00.30.52:141][  0]LogConfig: Setting CVar [[r.ParticleLightQuality:2]]
[2020.08.25-00.30.52:141][  0]LogConfig: Setting CVar [[r.SkyAtmosphere.AerialPerspectiveLUT.FastApplyOnOpaque:1 ; Always have FastSkyLUT 1 in this case to avoid wrong sky]]
[2020.08.25-00.30.52:141][  0]LogConfig: Setting CVar [[r.SkyAtmosphere.AerialPerspectiveLUT.SampleCountPerSlice:1]]
[2020.08.25-00.30.52:141][  0]LogConfig: Setting CVar [[r.SkyAtmosphere.AerialPerspectiveLUT.DepthResolution:16.0]]
[2020.08.25-00.30.52:141][  0]LogConfig: Setting CVar [[r.SkyAtmosphere.FastSkyLUT:1]]
[2020.08.25-00.30.52:141][  0]LogConfig: Setting CVar [[r.SkyAtmosphere.FastSkyLUT.SampleCountMin:4.0]]
[2020.08.25-00.30.52:141][  0]LogConfig: Setting CVar [[r.SkyAtmosphere.FastSkyLUT.SampleCountMax:32.0]]
[2020.08.25-00.30.52:141][  0]LogConfig: Setting CVar [[r.SkyAtmosphere.SampleCountMin:4.0]]
[2020.08.25-00.30.52:141][  0]LogConfig: Setting CVar [[r.SkyAtmosphere.SampleCountMax:32.0]]
[2020.08.25-00.30.52:141][  0]LogConfig: Setting CVar [[r.SkyAtmosphere.TransmittanceLUT.UseSmallFormat:0]]
[2020.08.25-00.30.52:141][  0]LogConfig: Setting CVar [[r.SkyAtmosphere.TransmittanceLUT.SampleCount:10.0]]
[2020.08.25-00.30.52:141][  0]LogConfig: Setting CVar [[r.SkyAtmosphere.MultiScatteringLUT.SampleCount:15.0]]
[2020.08.25-00.30.52:141][  0]LogConfig: Applying CVar settings from Section [FoliageQuality@3] File [E:/Github/Unreal_Automation_Scripts/AutomationScripts/Saved/Config/Windows/Scalability.ini]
[2020.08.25-00.30.52:141][  0]LogConfig: Setting CVar [[foliage.DensityScale:1.0]]
[2020.08.25-00.30.52:141][  0]LogConfig: Setting CVar [[grass.DensityScale:1.0]]
[2020.08.25-00.30.52:141][  0]LogConfig: Applying CVar settings from Section [ShadingQuality@3] File [E:/Github/Unreal_Automation_Scripts/AutomationScripts/Saved/Config/Windows/Scalability.ini]
[2020.08.25-00.30.52:141][  0]LogConfig: Setting CVar [[r.HairStrands.SkyLighting.SampleCount:16]]
[2020.08.25-00.30.52:141][  0]LogConfig: Setting CVar [[r.HairStrands.SkyLighting.JitterIntegration:0]]
[2020.08.25-00.30.52:141][  0]LogConfig: Setting CVar [[r.HairStrands.SkyAO.SampleCount:16]]
[2020.08.25-00.30.52:141][  0]LogInit: Selected Device Profile: [Windows]
[2020.08.25-00.30.52:141][  0]LogInit: Applying CVar settings loaded from the selected device profile: [Windows]
[2020.08.25-00.30.52:142][  0]LogHAL: Display: Platform has ~ 32 GB [34273157120 / 34359738368 / 32], which maps to Largest [LargestMinGB=32, LargerMinGB=12, DefaultMinGB=8, SmallerMinGB=6, SmallestMinGB=0)
[2020.08.25-00.30.52:142][  0]LogInit: Going up to parent DeviceProfile []
[2020.08.25-00.30.52:142][  0]LogConfig: Applying CVar settings from Section [ViewDistanceQuality@3] File [E:/Github/Unreal_Automation_Scripts/AutomationScripts/Saved/Config/Windows/Scalability.ini]
[2020.08.25-00.30.52:142][  0]LogConfig: Setting CVar [[r.SkeletalMeshLODBias:0]]
[2020.08.25-00.30.52:142][  0]LogConfig: Setting CVar [[r.ViewDistanceScale:1.0]]
[2020.08.25-00.30.52:142][  0]LogConfig: Applying CVar settings from Section [AntiAliasingQuality@3] File [E:/Github/Unreal_Automation_Scripts/AutomationScripts/Saved/Config/Windows/Scalability.ini]
[2020.08.25-00.30.52:142][  0]LogConfig: Setting CVar [[r.PostProcessAAQuality:4]]
[2020.08.25-00.30.52:142][  0]LogConfig: Applying CVar settings from Section [ShadowQuality@3] File [E:/Github/Unreal_Automation_Scripts/AutomationScripts/Saved/Config/Windows/Scalability.ini]
[2020.08.25-00.30.52:142][  0]LogConfig: Setting CVar [[r.LightFunctionQuality:1]]
[2020.08.25-00.30.52:142][  0]LogConfig: Setting CVar [[r.ShadowQuality:5]]
[2020.08.25-00.30.52:142][  0]LogConfig: Setting CVar [[r.Shadow.CSM.MaxCascades:10]]
[2020.08.25-00.30.52:142][  0]LogConfig: Setting CVar [[r.Shadow.MaxResolution:2048]]
[2020.08.25-00.30.52:142][  0]LogConfig: Setting CVar [[r.Shadow.MaxCSMResolution:2048]]
[2020.08.25-00.30.52:142][  0]LogConfig: Setting CVar [[r.Shadow.RadiusThreshold:0.01]]
[2020.08.25-00.30.52:142][  0]LogConfig: Setting CVar [[r.Shadow.DistanceScale:1.0]]
[2020.08.25-00.30.52:142][  0]LogConfig: Setting CVar [[r.Shadow.CSM.TransitionScale:1.0]]
[2020.08.25-00.30.52:142][  0]LogConfig: Setting CVar [[r.Shadow.PreShadowResolutionFactor:1.0]]
[2020.08.25-00.30.52:142][  0]LogConfig: Setting CVar [[r.DistanceFieldShadowing:1]]
[2020.08.25-00.30.52:142][  0]LogConfig: Setting CVar [[r.DistanceFieldAO:1]]
[2020.08.25-00.30.52:142][  0]LogConfig: Setting CVar [[r.AOQuality:2]]
[2020.08.25-00.30.52:142][  0]LogConfig: Setting CVar [[r.VolumetricFog:1]]
[2020.08.25-00.30.52:142][  0]LogConfig: Setting CVar [[r.VolumetricFog.GridPixelSize:8]]
[2020.08.25-00.30.52:142][  0]LogConfig: Setting CVar [[r.VolumetricFog.GridSizeZ:128]]
[2020.08.25-00.30.52:142][  0]LogConfig: Setting CVar [[r.VolumetricFog.HistoryMissSupersampleCount:4]]
[2020.08.25-00.30.52:142][  0]LogConfig: Setting CVar [[r.LightMaxDrawDistanceScale:1]]
[2020.08.25-00.30.52:142][  0]LogConfig: Setting CVar [[r.CapsuleShadows:1]]
[2020.08.25-00.30.52:142][  0]LogConfig: Applying CVar settings from Section [PostProcessQuality@3] File [E:/Github/Unreal_Automation_Scripts/AutomationScripts/Saved/Config/Windows/Scalability.ini]
[2020.08.25-00.30.52:142][  0]LogConfig: Setting CVar [[r.MotionBlurQuality:4]]
[2020.08.25-00.30.52:142][  0]LogConfig: Setting CVar [[r.AmbientOcclusionMipLevelFactor:0.4]]
[2020.08.25-00.30.52:142][  0]LogConfig: Setting CVar [[r.AmbientOcclusionMaxQuality:100]]
[2020.08.25-00.30.52:142][  0]LogConfig: Setting CVar [[r.AmbientOcclusionLevels:-1]]
[2020.08.25-00.30.52:142][  0]LogConfig: Setting CVar [[r.AmbientOcclusionRadiusScale:1.0]]
[2020.08.25-00.30.52:142][  0]LogConfig: Setting CVar [[r.DepthOfFieldQuality:2]]
[2020.08.25-00.30.52:142][  0]LogConfig: Setting CVar [[r.RenderTargetPoolMin:400]]
[2020.08.25-00.30.52:142][  0]LogConfig: Setting CVar [[r.LensFlareQuality:2]]
[2020.08.25-00.30.52:142][  0]LogConfig: Setting CVar [[r.SceneColorFringeQuality:1]]
[2020.08.25-00.30.52:142][  0]LogConfig: Setting CVar [[r.EyeAdaptationQuality:2]]
[2020.08.25-00.30.52:142][  0]LogConfig: Setting CVar [[r.BloomQuality:5]]
[2020.08.25-00.30.52:142][  0]LogConfig: Setting CVar [[r.FastBlurThreshold:100]]
[2020.08.25-00.30.52:142][  0]LogConfig: Setting CVar [[r.Upscale.Quality:3]]
[2020.08.25-00.30.52:142][  0]LogConfig: Setting CVar [[r.Tonemapper.GrainQuantization:1]]
[2020.08.25-00.30.52:142][  0]LogConfig: Setting CVar [[r.LightShaftQuality:1]]
[2020.08.25-00.30.52:142][  0]LogConfig: Setting CVar [[r.Filter.SizeScale:1]]
[2020.08.25-00.30.52:143][  0]LogConfig: Setting CVar [[r.Tonemapper.Quality:5]]
[2020.08.25-00.30.52:143][  0]LogConfig: Setting CVar [[r.DOF.Gather.AccumulatorQuality:1        ; higher gathering accumulator quality]]
[2020.08.25-00.30.52:143][  0]LogConfig: Setting CVar [[r.DOF.Gather.PostfilterMethod:1          ; Median3x3 postfilering method]]
[2020.08.25-00.30.52:143][  0]LogConfig: Setting CVar [[r.DOF.Gather.EnableBokehSettings:0       ; no bokeh simulation when gathering]]
[2020.08.25-00.30.52:143][  0]LogConfig: Setting CVar [[r.DOF.Gather.RingCount:4                 ; medium number of samples when gathering]]
[2020.08.25-00.30.52:143][  0]LogConfig: Setting CVar [[r.DOF.Scatter.ForegroundCompositing:1    ; additive foreground scattering]]
[2020.08.25-00.30.52:143][  0]LogConfig: Setting CVar [[r.DOF.Scatter.BackgroundCompositing:2    ; additive background scattering]]
[2020.08.25-00.30.52:143][  0]LogConfig: Setting CVar [[r.DOF.Scatter.EnableBokehSettings:1      ; bokeh simulation when scattering]]
[2020.08.25-00.30.52:143][  0]LogConfig: Setting CVar [[r.DOF.Scatter.MaxSpriteRatio:0.1         ; only a maximum of 10% of scattered bokeh]]
[2020.08.25-00.30.52:143][  0]LogConfig: Setting CVar [[r.DOF.Recombine.Quality:1                ; cheap slight out of focus]]
[2020.08.25-00.30.52:143][  0]LogConfig: Setting CVar [[r.DOF.Recombine.EnableBokehSettings:0    ; no bokeh simulation on slight out of focus]]
[2020.08.25-00.30.52:143][  0]LogConfig: Setting CVar [[r.DOF.TemporalAAQuality:1                ; more stable temporal accumulation]]
[2020.08.25-00.30.52:143][  0]LogConfig: Setting CVar [[r.DOF.Kernel.MaxForegroundRadius:0.025]]
[2020.08.25-00.30.52:143][  0]LogConfig: Setting CVar [[r.DOF.Kernel.MaxBackgroundRadius:0.025]]
[2020.08.25-00.30.52:143][  0]LogConfig: Applying CVar settings from Section [TextureQuality@3] File [E:/Github/Unreal_Automation_Scripts/AutomationScripts/Saved/Config/Windows/Scalability.ini]
[2020.08.25-00.30.52:143][  0]LogConfig: Setting CVar [[r.Streaming.MipBias:0]]
[2020.08.25-00.30.52:143][  0]LogConfig: Setting CVar [[r.Streaming.AmortizeCPUToGPUCopy:0]]
[2020.08.25-00.30.52:143][  0]LogConfig: Setting CVar [[r.Streaming.MaxNumTexturesToStreamPerFrame:0]]
[2020.08.25-00.30.52:143][  0]LogConfig: Setting CVar [[r.Streaming.Boost:1]]
[2020.08.25-00.30.52:143][  0]LogConfig: Setting CVar [[r.MaxAnisotropy:8]]
[2020.08.25-00.30.52:143][  0]LogConfig: Setting CVar [[r.VT.MaxAnisotropy:8]]
[2020.08.25-00.30.52:143][  0]LogConfig: Setting CVar [[r.Streaming.LimitPoolSizeToVRAM:0]]
[2020.08.25-00.30.52:143][  0]LogConfig: Setting CVar [[r.Streaming.PoolSize:1000]]
[2020.08.25-00.30.52:143][  0]LogConfig: Setting CVar [[r.Streaming.MaxEffectiveScreenSize:0]]
[2020.08.25-00.30.52:143][  0]LogConfig: Applying CVar settings from Section [EffectsQuality@3] File [E:/Github/Unreal_Automation_Scripts/AutomationScripts/Saved/Config/Windows/Scalability.ini]
[2020.08.25-00.30.52:143][  0]LogConfig: Setting CVar [[r.TranslucencyLightingVolumeDim:64]]
[2020.08.25-00.30.52:143][  0]LogConfig: Setting CVar [[r.RefractionQuality:2]]
[2020.08.25-00.30.52:143][  0]LogConfig: Setting CVar [[r.SSR.Quality:3]]
[2020.08.25-00.30.52:143][  0]LogConfig: Setting CVar [[r.SSR.HalfResSceneColor:0]]
[2020.08.25-00.30.52:143][  0]LogConfig: Setting CVar [[r.SceneColorFormat:4]]
[2020.08.25-00.30.52:143][  0]LogConfig: Setting CVar [[r.DetailMode:2]]
[2020.08.25-00.30.52:143][  0]LogConfig: Setting CVar [[r.TranslucencyVolumeBlur:1]]
[2020.08.25-00.30.52:143][  0]LogConfig: Setting CVar [[r.MaterialQualityLevel:1 ; High quality]]
[2020.08.25-00.30.52:143][  0]LogConfig: Setting CVar [[r.SSS.Scale:1]]
[2020.08.25-00.30.52:143][  0]LogConfig: Setting CVar [[r.SSS.SampleSet:2]]
[2020.08.25-00.30.52:143][  0]LogConfig: Setting CVar [[r.SSS.Quality:1]]
[2020.08.25-00.30.52:143][  0]LogConfig: Setting CVar [[r.SSS.HalfRes:1]]
[2020.08.25-00.30.52:143][  0]LogConfig: Setting CVar [[r.SSGI.Quality:3]]
[2020.08.25-00.30.52:143][  0]LogConfig: Setting CVar [[r.EmitterSpawnRateScale:1.0]]
[2020.08.25-00.30.52:143][  0]LogConfig: Setting CVar [[r.ParticleLightQuality:2]]
[2020.08.25-00.30.52:143][  0]LogConfig: Setting CVar [[r.SkyAtmosphere.AerialPerspectiveLUT.FastApplyOnOpaque:1 ; Always have FastSkyLUT 1 in this case to avoid wrong sky]]
[2020.08.25-00.30.52:143][  0]LogConfig: Setting CVar [[r.SkyAtmosphere.AerialPerspectiveLUT.SampleCountPerSlice:1]]
[2020.08.25-00.30.52:143][  0]LogConfig: Setting CVar [[r.SkyAtmosphere.AerialPerspectiveLUT.DepthResolution:16.0]]
[2020.08.25-00.30.52:143][  0]LogConfig: Setting CVar [[r.SkyAtmosphere.FastSkyLUT:1]]
[2020.08.25-00.30.52:143][  0]LogConfig: Setting CVar [[r.SkyAtmosphere.FastSkyLUT.SampleCountMin:4.0]]
[2020.08.25-00.30.52:143][  0]LogConfig: Setting CVar [[r.SkyAtmosphere.FastSkyLUT.SampleCountMax:32.0]]
[2020.08.25-00.30.52:143][  0]LogConfig: Setting CVar [[r.SkyAtmosphere.SampleCountMin:4.0]]
[2020.08.25-00.30.52:143][  0]LogConfig: Setting CVar [[r.SkyAtmosphere.SampleCountMax:32.0]]
[2020.08.25-00.30.52:143][  0]LogConfig: Setting CVar [[r.SkyAtmosphere.TransmittanceLUT.UseSmallFormat:0]]
[2020.08.25-00.30.52:143][  0]LogConfig: Setting CVar [[r.SkyAtmosphere.TransmittanceLUT.SampleCount:10.0]]
[2020.08.25-00.30.52:143][  0]LogConfig: Setting CVar [[r.SkyAtmosphere.MultiScatteringLUT.SampleCount:15.0]]
[2020.08.25-00.30.52:143][  0]LogConfig: Applying CVar settings from Section [FoliageQuality@3] File [E:/Github/Unreal_Automation_Scripts/AutomationScripts/Saved/Config/Windows/Scalability.ini]
[2020.08.25-00.30.52:143][  0]LogConfig: Setting CVar [[foliage.DensityScale:1.0]]
[2020.08.25-00.30.52:143][  0]LogConfig: Setting CVar [[grass.DensityScale:1.0]]
[2020.08.25-00.30.52:143][  0]LogConfig: Applying CVar settings from Section [ShadingQuality@3] File [E:/Github/Unreal_Automation_Scripts/AutomationScripts/Saved/Config/Windows/Scalability.ini]
[2020.08.25-00.30.52:143][  0]LogConfig: Setting CVar [[r.HairStrands.SkyLighting.SampleCount:16]]
[2020.08.25-00.30.52:143][  0]LogConfig: Setting CVar [[r.HairStrands.SkyLighting.JitterIntegration:0]]
[2020.08.25-00.30.52:143][  0]LogConfig: Setting CVar [[r.HairStrands.SkyAO.SampleCount:16]]
[2020.08.25-00.30.52:143][  0]LogConfig: Applying CVar settings from Section [Startup] File [../../../Engine/Config/ConsoleVariables.ini]
[2020.08.25-00.30.52:143][  0]LogConfig: Setting CVar [[net.UseAdaptiveNetUpdateFrequency:0]]
[2020.08.25-00.30.52:143][  0]LogConfig: Setting CVar [[p.chaos.AllowCreatePhysxBodies:1]]
[2020.08.25-00.30.52:143][  0]LogConfig: Applying CVar settings from Section [ConsoleVariables] File [E:/Github/Unreal_Automation_Scripts/AutomationScripts/Saved/Config/Windows/Engine.ini]
[2020.08.25-00.30.52:143][  0]LogInit: Computer: DESKTOP-22ELON2
[2020.08.25-00.30.52:143][  0]LogInit: User: shelt
[2020.08.25-00.30.52:143][  0]LogInit: CPU Page size=4096, Cores=8
[2020.08.25-00.30.52:143][  0]LogInit: High frequency timer resolution =10.000000 MHz
[2020.08.25-00.30.52:143][  0]LogMemory: Memory total: Physical=31.9GB (32GB approx)
[2020.08.25-00.30.52:143][  0]LogMemory: Platform Memory Stats for Windows
[2020.08.25-00.30.52:143][  0]LogMemory: Process Physical Memory: 114.57 MB used, 115.00 MB peak
[2020.08.25-00.30.52:143][  0]LogMemory: Process Virtual Memory: 105.50 MB used, 105.50 MB peak
[2020.08.25-00.30.52:143][  0]LogMemory: Physical Memory: 10980.65 MB used,  21704.78 MB free, 32685.43 MB total
[2020.08.25-00.30.52:143][  0]LogMemory: Virtual Memory: 5225.77 MB used,  134212504.00 MB free, 134217728.00 MB total
[2020.08.25-00.30.52:477][  0]LogWindows: WindowsPlatformFeatures enabled
[2020.08.25-00.30.52:491][  0]LogInit: Using OS detected language (en-US).
[2020.08.25-00.30.52:491][  0]LogInit: Using OS detected locale (en-US).
[2020.08.25-00.30.52:491][  0]LogTextLocalizationManager: No specific localization for 'en-US' exists, so the 'en' localization will be used.
[2020.08.25-00.30.52:613][  0]LogInit: Setting process to per monitor DPI aware
[2020.08.25-00.30.52:635][  0]LogSlate: New Slate User Created.  User Index 0, Is Virtual User: 0
[2020.08.25-00.30.52:635][  0]LogSlate: Slate User Registered.  User Index 0, Is Virtual User: 0
[2020.08.25-00.30.52:730][  0]LogHMD: Failed to initialize OpenVR with code 100
[2020.08.25-00.30.52:730][  0]LogD3D11RHI: D3D11 min allowed feature level: 11_0
[2020.08.25-00.30.52:730][  0]LogD3D11RHI: D3D11 max allowed feature level: 11_0
[2020.08.25-00.30.52:730][  0]LogD3D11RHI: D3D11 adapters:
[2020.08.25-00.30.52:795][  0]LogD3D11RHI:    0. 'NVIDIA GeForce RTX 2080 Ti' (Feature Level 11_0)
[2020.08.25-00.30.52:795][  0]LogD3D11RHI:       11049/0/16342 MB DedicatedVideo/DedicatedSystem/SharedSystem, Outputs:2, VendorId:0x10de
[2020.08.25-00.30.52:797][  0]LogD3D11RHI:    1. 'Microsoft Basic Render Driver' (Feature Level 11_0)
[2020.08.25-00.30.52:797][  0]LogD3D11RHI:       0/0/16342 MB DedicatedVideo/DedicatedSystem/SharedSystem, Outputs:0, VendorId:0x1414
[2020.08.25-00.30.52:797][  0]LogD3D11RHI: Chosen D3D11 Adapter: 0
[2020.08.25-00.30.52:812][  0]LogD3D11RHI: Creating new Direct3DDevice
[2020.08.25-00.30.52:812][  0]LogD3D11RHI:     GPU DeviceId: 0x1e07 (for the marketing name, search the web for "GPU Device Id")
[2020.08.25-00.30.52:812][  0]LogWindows: EnumDisplayDevices:
[2020.08.25-00.30.52:812][  0]LogWindows:    0. 'NVIDIA GeForce RTX 2080 Ti' (P:1 D:1)
[2020.08.25-00.30.52:813][  0]LogWindows:    1. 'NVIDIA GeForce RTX 2080 Ti' (P:0 D:1)
[2020.08.25-00.30.52:813][  0]LogWindows:    2. 'NVIDIA GeForce RTX 2080 Ti' (P:0 D:0)
[2020.08.25-00.30.52:813][  0]LogWindows:    3. 'NVIDIA GeForce RTX 2080 Ti' (P:0 D:0)
[2020.08.25-00.30.52:813][  0]LogWindows: DebugString: FoundDriverCount:4 
[2020.08.25-00.30.52:813][  0]LogD3D11RHI:     Adapter Name: NVIDIA GeForce RTX 2080 Ti
[2020.08.25-00.30.52:813][  0]LogD3D11RHI:   Driver Version: 452.06 (internal:27.21.14.5206, unified:452.06)
[2020.08.25-00.30.52:813][  0]LogD3D11RHI:      Driver Date: 8-12-2020
[2020.08.25-00.30.52:813][  0]LogRHI: Texture pool is 7734 MB (70% of 11049 MB)
[2020.08.25-00.30.52:865][  0]LogD3D11RHI: RHI has support for 64 bit atomics
[2020.08.25-00.30.52:865][  0]LogD3D11RHI: Async texture creation enabled
[2020.08.25-00.30.52:866][  0]LogD3D11RHI: HDR output is supported on display 0 (NvId: 0x80061080).
[2020.08.25-00.30.52:880][  0]LogD3D11RHI: GPU Timing Frequency: 1000.000000 (Debug: 2 1)
[2020.08.25-00.30.53:097][  0]LogTargetPlatformManager: Display: Loaded TargetPlatform 'AllDesktop'
[2020.08.25-00.30.53:119][  0]LogTargetPlatformManager: Display: Loaded TargetPlatform 'Android'
[2020.08.25-00.30.53:119][  0]LogTargetPlatformManager: Display: Loaded TargetPlatform 'Android_ASTC'
[2020.08.25-00.30.53:119][  0]LogTargetPlatformManager: Display: Loaded TargetPlatform 'Android_ATC'
[2020.08.25-00.30.53:119][  0]LogTargetPlatformManager: Display: Loaded TargetPlatform 'Android_DXT'
[2020.08.25-00.30.53:119][  0]LogTargetPlatformManager: Display: Loaded TargetPlatform 'Android_ETC1'
[2020.08.25-00.30.53:119][  0]LogTargetPlatformManager: Display: Loaded TargetPlatform 'Android_ETC1a'
[2020.08.25-00.30.53:119][  0]LogTargetPlatformManager: Display: Loaded TargetPlatform 'Android_ETC2'
[2020.08.25-00.30.53:119][  0]LogTargetPlatformManager: Display: Loaded TargetPlatform 'Android_PVRTC'
[2020.08.25-00.30.53:119][  0]LogTargetPlatformManager: Display: Loaded TargetPlatform 'AndroidClient'
[2020.08.25-00.30.53:119][  0]LogTargetPlatformManager: Display: Loaded TargetPlatform 'Android_ASTCClient'
[2020.08.25-00.30.53:119][  0]LogTargetPlatformManager: Display: Loaded TargetPlatform 'Android_ATCClient'
[2020.08.25-00.30.53:119][  0]LogTargetPlatformManager: Display: Loaded TargetPlatform 'Android_DXTClient'
[2020.08.25-00.30.53:119][  0]LogTargetPlatformManager: Display: Loaded TargetPlatform 'Android_ETC1Client'
[2020.08.25-00.30.53:119][  0]LogTargetPlatformManager: Display: Loaded TargetPlatform 'Android_ETC1aClient'
[2020.08.25-00.30.53:119][  0]LogTargetPlatformManager: Display: Loaded TargetPlatform 'Android_ETC2Client'
[2020.08.25-00.30.53:119][  0]LogTargetPlatformManager: Display: Loaded TargetPlatform 'Android_PVRTCClient'
[2020.08.25-00.30.53:119][  0]LogTargetPlatformManager: Display: Loaded TargetPlatform 'Android_Multi'
[2020.08.25-00.30.53:119][  0]LogTargetPlatformManager: Display: Loaded TargetPlatform 'Android_MultiClient'
[2020.08.25-00.30.53:133][  0]LogTargetPlatformManager: Display: Loaded TargetPlatform 'IOSClient'
[2020.08.25-00.30.53:133][  0]LogTargetPlatformManager: Display: Loaded TargetPlatform 'IOS'
[2020.08.25-00.30.53:138][  0]LogTargetPlatformManager: Display: Loaded TargetPlatform 'LinuxNoEditor'
[2020.08.25-00.30.53:143][  0]LogTargetPlatformManager: Display: Loaded TargetPlatform 'LinuxClient'
[2020.08.25-00.30.53:149][  0]LogTargetPlatformManager: Display: Loaded TargetPlatform 'LinuxServer'
[2020.08.25-00.30.53:154][  0]LogTargetPlatformManager: Display: Loaded TargetPlatform 'LinuxAArch64NoEditor'
[2020.08.25-00.30.53:159][  0]LogTargetPlatformManager: Display: Loaded TargetPlatform 'LinuxAArch64Client'
[2020.08.25-00.30.53:164][  0]LogTargetPlatformManager: Display: Loaded TargetPlatform 'LinuxAArch64Server'
[2020.08.25-00.30.53:181][  0]LogTargetPlatformManager: Display: Loaded TargetPlatform 'Lumin'
[2020.08.25-00.30.53:181][  0]LogTargetPlatformManager: Display: Loaded TargetPlatform 'LuminClient'
[2020.08.25-00.30.53:191][  0]LogTargetPlatformManager: Display: Loaded TargetPlatform 'TVOSClient'
[2020.08.25-00.30.53:191][  0]LogTargetPlatformManager: Display: Loaded TargetPlatform 'TVOS'
[2020.08.25-00.30.53:196][  0]LogTargetPlatformManager: Display: Loaded TargetPlatform 'WindowsNoEditor'
[2020.08.25-00.30.53:202][  0]LogTargetPlatformManager: Display: Loaded TargetPlatform 'Windows'
[2020.08.25-00.30.53:207][  0]LogTargetPlatformManager: Display: Loaded TargetPlatform 'WindowsClient'
[2020.08.25-00.30.53:212][  0]LogTargetPlatformManager: Display: Loaded TargetPlatform 'WindowsServer'
[2020.08.25-00.30.53:212][  0]LogTargetPlatformManager: Display: Building Assets For Windows
[2020.08.25-00.30.53:214][  0]LogAudioDebug: Display: Lib vorbis DLL was dynamically loaded.
[2020.08.25-00.30.53:233][  0]LogShaderCompilers: Guid format shader working directory is -8 characters bigger than the processId version (E:/Github/Unreal_Automation_Scripts/AutomationScripts/Intermediate/Shaders/WorkingDirectory/73340/).
[2020.08.25-00.30.53:233][  0]LogShaderCompilers: Cleaned the shader compiler working directory 'C:/Users/shelt/AppData/Local/Temp/UnrealShaderWorkingDir/AB4FB2094742C4F43F04188A7993869F/'.
[2020.08.25-00.30.53:233][  0]LogXGEController: Cannot use XGE Controller as Incredibuild is not installed on this machine.
[2020.08.25-00.30.53:233][  0]LogShaderCompilers: Cannot use XGE Shader Compiler as Incredibuild is not installed on this machine.
[2020.08.25-00.30.53:233][  0]LogShaderCompilers: Display: Using Local Shader Compiler.
[2020.08.25-00.30.53:742][  0]LogDerivedDataCache: Display: Max Cache Size: 512 MB
[2020.08.25-00.30.53:784][  0]LogDerivedDataCache: Loaded boot cache 0.04s 84MB C:/Users/shelt/AppData/Local/UnrealEngine/4.24/DerivedDataCache/Boot.ddc.
[2020.08.25-00.30.53:785][  0]LogDerivedDataCache: Display: Loaded Boot cache: C:/Users/shelt/AppData/Local/UnrealEngine/4.24/DerivedDataCache/Boot.ddc
[2020.08.25-00.30.53:785][  0]LogDerivedDataCache: FDerivedDataBackendGraph:  Pak pak cache file E:/Github/Unreal_Automation_Scripts/AutomationScripts/DerivedDataCache/DDC.ddp not found, will not use a pak cache.
[2020.08.25-00.30.53:785][  0]LogDerivedDataCache: Unable to find inner node Pak for hierarchical cache Hierarchy.
[2020.08.25-00.30.53:785][  0]LogDerivedDataCache: FDerivedDataBackendGraph:  CompressedPak pak cache file E:/Github/Unreal_Automation_Scripts/AutomationScripts/DerivedDataCache/Compressed.ddp not found, will not use a pak cache.
[2020.08.25-00.30.53:785][  0]LogDerivedDataCache: Unable to find inner node CompressedPak for hierarchical cache Hierarchy.
[2020.08.25-00.30.53:792][  0]LogDerivedDataCache: Display: Pak cache opened for reading ../../../Engine/DerivedDataCache/Compressed.ddp.
[2020.08.25-00.30.53:792][  0]LogDerivedDataCache: FDerivedDataBackendGraph:  EnterprisePak pak cache file ../../../Enterprise/DerivedDataCache/Compressed.ddp not found, will not use a pak cache.
[2020.08.25-00.30.53:792][  0]LogDerivedDataCache: Unable to find inner node EnterprisePak for hierarchical cache Hierarchy.
[2020.08.25-00.30.53:793][  0]LogDerivedDataCache: Using Local data cache path C:/Users/shelt/AppData/Local/UnrealEngine/Common/DerivedDataCache: Writable
[2020.08.25-00.30.53:793][  0]LogDerivedDataCache: Shared data cache path not found in *engine.ini, will not use an Shared cache.
[2020.08.25-00.30.53:793][  0]LogDerivedDataCache: Unable to find inner node Shared for hierarchical cache Hierarchy.
[2020.08.25-00.30.53:812][  0]LogMaterial: Verifying Global Shaders for PCD3D_SM5
[2020.08.25-00.30.53:813][  0]LogSlate: Using FreeType 2.10.0
[2020.08.25-00.30.53:814][  0]LogSlate: SlateFontServices - WITH_FREETYPE: 1, WITH_HARFBUZZ: 1
[2020.08.25-00.30.53:850][  0]LogAssetRegistry: FAssetRegistry took 0.0020 seconds to start up
[2020.08.25-00.30.54:061][  0]LogInit: Selected Device Profile: [Windows]
[2020.08.25-00.30.54:175][  0]LogMeshReduction: Using QuadricMeshReduction for automatic static mesh reduction
[2020.08.25-00.30.54:175][  0]LogMeshReduction: Using SimplygonMeshReduction for automatic skeletal mesh reduction
[2020.08.25-00.30.54:175][  0]LogMeshReduction: Using ProxyLODMeshReduction for automatic mesh merging
[2020.08.25-00.30.54:175][  0]LogMeshReduction: No distributed automatic mesh merging module available
[2020.08.25-00.30.54:175][  0]LogMeshMerging: No distributed automatic mesh merging module available
[2020.08.25-00.30.54:185][  0]LogNetVersion: AutomationScripts 1.0.0, NetCL: 10570792, EngineNetVer: 13, GameNetVer: 0 (Checksum: 3375787233)
[2020.08.25-00.30.54:915][  0]LogPackageLocalizationCache: Processed 13 localized package path(s) for 1 prioritized culture(s) in 0.041509 seconds
[2020.08.25-00.30.54:921][  0]LogUObjectArray: 46750 objects as part of root set at end of initial load.
[2020.08.25-00.30.54:921][  0]LogUObjectAllocator: 8137160 out of 0 bytes used by permanent object pool.
[2020.08.25-00.30.54:921][  0]LogUObjectArray: CloseDisregardForGC: 0/0 objects in disregard for GC pool
[2020.08.25-00.30.55:176][  0]LogPython: Using Python 2.7.14
[2020.08.25-00.30.55:694][  0]LogTcpMessaging: Initializing TcpMessaging bridge
[2020.08.25-00.30.55:696][  0]LogUdpMessaging: Initializing bridge on interface 0.0.0.0:0 to multicast group 230.0.0.1:6666.
[2020.08.25-00.30.55:750][  0]SourceControl: Source control is disabled
[2020.08.25-00.30.55:750][  0]SourceControl: Source control is disabled
[2020.08.25-00.30.55:750][  0]SourceControl: Source control is disabled
[2020.08.25-00.30.55:751][  0]SourceControl: Source control is disabled
[2020.08.25-00.30.55:751][  0]SourceControl: Source control is disabled
[2020.08.25-00.30.55:854][  0]LogAndroidPermission: UAndroidPermissionCallbackProxy::GetInstance
[2020.08.25-00.30.55:870][  0]LogAudioCaptureCore: Display: No Audio Capture implementations found. Audio input will be silent.
[2020.08.25-00.30.55:870][  0]LogAudioCaptureCore: Display: No Audio Capture implementations found. Audio input will be silent.
[2020.08.25-00.30.55:945][  0]LogOcInput: OculusInput pre-init called
[2020.08.25-00.30.56:393][  0]LogEngine: Initializing Engine...
[2020.08.25-00.30.56:394][  0]LogHMD: Failed to initialize OpenVR with code 100
[2020.08.25-00.30.56:394][  0]LogStats: UGameplayTagsManager::InitializeManager -  0.000 s
[2020.08.25-00.30.56:648][  0]LogInit: Initializing FReadOnlyCVARCache
[2020.08.25-00.30.56:654][  0]LogAIModule: Creating AISystem for world Untitled
[2020.08.25-00.30.56:666][  0]LogAudioMixer: Display: Audio Mixer Platform Settings:
[2020.08.25-00.30.56:666][  0]LogAudioMixer: Display: 	Sample Rate:						  48000
[2020.08.25-00.30.56:666][  0]LogAudioMixer: Display: 	Callback Buffer Frame Size Requested: 1024
[2020.08.25-00.30.56:666][  0]LogAudioMixer: Display: 	Callback Buffer Frame Size To Use:	  1024
[2020.08.25-00.30.56:667][  0]LogAudioMixer: Display: 	Number of buffers to queue:			  2
[2020.08.25-00.30.56:667][  0]LogAudioMixer: Display: 	Max Channels (voices):				  32
[2020.08.25-00.30.56:667][  0]LogAudioMixer: Display: 	Number of Async Source Workers:		  0
[2020.08.25-00.30.56:667][  0]LogAudio: Display: AudioDevice MaxSources: 32
[2020.08.25-00.30.56:667][  0]LogAudio: Display: Using built-in audio occlusion.
[2020.08.25-00.30.56:667][  0]LogAudioMixer: Display: Initializing audio mixer.
[2020.08.25-00.30.56:840][  0]LogAudioMixer: Display: Audio Device Output Speaker Info:
[2020.08.25-00.30.56:840][  0]LogAudioMixer: Display: Name: Headphones (CORSAIR ST100 Headset Output)
[2020.08.25-00.30.56:840][  0]LogAudioMixer: Display: Is Default: Yes
[2020.08.25-00.30.56:840][  0]LogAudioMixer: Display: Sample Rate: 48000
[2020.08.25-00.30.56:840][  0]LogAudioMixer: Display: Channel Count Used: 8
[2020.08.25-00.30.56:840][  0]LogAudioMixer: Display: Device Channel Count: 8
[2020.08.25-00.30.56:840][  0]LogAudioMixer: Display: Channel Order:
[2020.08.25-00.30.56:840][  0]LogAudioMixer: Display: 0: FrontLeft
[2020.08.25-00.30.56:840][  0]LogAudioMixer: Display: 1: FrontRight
[2020.08.25-00.30.56:840][  0]LogAudioMixer: Display: 2: FrontCenter
[2020.08.25-00.30.56:840][  0]LogAudioMixer: Display: 3: LowFrequency
[2020.08.25-00.30.56:840][  0]LogAudioMixer: Display: 4: BackLeft
[2020.08.25-00.30.56:840][  0]LogAudioMixer: Display: 5: BackRight
[2020.08.25-00.30.56:840][  0]LogAudioMixer: Display: 6: SideLeft
[2020.08.25-00.30.56:840][  0]LogAudioMixer: Display: 7: SideRight
[2020.08.25-00.30.56:978][  0]LogAudioMixer: Display: Using Audio Device Headphones (CORSAIR ST100 Headset Output)
[2020.08.25-00.30.56:983][  0]LogInit: FAudioDevice initialized.
[2020.08.25-00.30.56:983][  0]LogNetVersion: Set ProjectVersion to 1.0.0.0. Version Checksum will be recalculated on next use.
[2020.08.25-00.30.57:018][  0]LogDerivedDataCache: Saved boot cache 0.04s 81MB C:/Users/shelt/AppData/Local/UnrealEngine/4.24/DerivedDataCache/Boot.ddc.
[2020.08.25-00.30.57:022][  0]LogInit: Texture streaming: Enabled
[2020.08.25-00.30.57:029][  0]LogEngineSessionManager: EngineSessionManager initialized
[2020.08.25-00.30.57:029][  0]LogEditorSessionSummary: Verbose: Initializing EditorSessionSummaryWriter for editor session tracking
[2020.08.25-00.30.57:030][  0]LogEditorSessionSummary: EditorSessionSummaryWriter initialized
[2020.08.25-00.30.57:073][  0]LogInit: Transaction tracking system initialized
[2020.08.25-00.30.57:079][  0]BlueprintLog: New page: Editor Load
[2020.08.25-00.30.57:099][  0]LocalizationService: Localization service is disabled
[2020.08.25-00.30.57:305][  0]LogFileCache: Scanning file cache for directory 'E:/Github/Unreal_Automation_Scripts/AutomationScripts/Content/' took 0.00s
[2020.08.25-00.30.57:305][  0]LogCook: Display: Max memory allowance for cook 16384mb min free memory 0mb
[2020.08.25-00.30.57:305][  0]LogCook: Display: Mobile HDR setting 1
[2020.08.25-00.30.57:779][  0]SourceControl: Source control is disabled
[2020.08.25-00.30.57:779][  0]Cmd: MAP LOAD FILE="../../../Engine/Content/Maps/Templates/Template_Default.umap" TEMPLATE=1 SHOWPROGRESS=1 FEATURELEVEL=3
[2020.08.25-00.30.57:780][  0]LightingResults: New page: Lighting Build
[2020.08.25-00.30.57:780][  0]LogWorld: UWorld::CleanupWorld for Untitled, bSessionEnded=true, bCleanupResources=true
[2020.08.25-00.30.57:780][  0]LogSlate: InvalidateAllWidgets triggered.  All widgets were invalidated
[2020.08.25-00.30.57:781][  0]MapCheck: New page: Map Check
[2020.08.25-00.30.57:781][  0]LightingResults: New page: Lighting Build
[2020.08.25-00.30.57:806][  0]LogUObjectHash: Compacting FUObjectHashTables data took   1.24ms
[2020.08.25-00.30.57:860][  0]LogAIModule: Creating AISystem for world Untitled_1
[2020.08.25-00.30.57:862][  0]LogEditorServer: Finished looking for orphan Actors (0.000 secs)
[2020.08.25-00.30.57:887][  0]LogUObjectHash: Compacting FUObjectHashTables data took   1.48ms
[2020.08.25-00.30.57:887][  0]Cmd: MAP CHECKDEP NOCLEARLOG
[2020.08.25-00.30.57:887][  0]MapCheck: Map check complete: 0 Error(s), 0 Warning(s), took 0.098ms to complete.
[2020.08.25-00.30.57:887][  0]LogFileHelpers: Loading map 'Template_Default' took 0.109
[2020.08.25-00.30.57:988][  0]LogSlate: Updating window title bar state: overlay mode, drag disabled, window buttons hidden, title bar hidden
[2020.08.25-00.30.57:993][  0]LogSlate: Updating window title bar state: overlay mode, drag disabled, window buttons hidden, title bar hidden
[2020.08.25-00.30.57:998][  0]LogSlate: Updating window title bar state: overlay mode, drag disabled, window buttons hidden, title bar hidden
[2020.08.25-00.30.58:002][  0]LogSlate: Updating window title bar state: overlay mode, drag disabled, window buttons hidden, title bar hidden
[2020.08.25-00.30.58:007][  0]LogCollectionManager: Loaded 0 collections in 0.002242 seconds
[2020.08.25-00.30.58:017][  0]LogFileCache: Scanning file cache for directory 'E:/Github/Unreal_Automation_Scripts/AutomationScripts/Saved/Collections/' took 0.00s
[2020.08.25-00.30.58:017][  0]LogFileCache: Scanning file cache for directory 'E:/Github/Unreal_Automation_Scripts/AutomationScripts/Content/Developers/shelt/Collections/' took 0.00s
[2020.08.25-00.30.58:017][  0]LogFileCache: Scanning file cache for directory 'E:/Github/Unreal_Automation_Scripts/AutomationScripts/Content/Collections/' took 0.00s
[2020.08.25-00.30.58:017][  0]LogContentBrowser: Native class hierarchy populated in 0.0067 seconds. Added 3059 classes and 733 folders.
[2020.08.25-00.30.58:020][  0]LogContentBrowser: Native class hierarchy updated for 'WidgetCarousel' in 0.0003 seconds. Added 0 classes and 0 folders.
[2020.08.25-00.30.58:061][  0]LogContentBrowser: Native class hierarchy updated for 'AddContentDialog' in 0.0003 seconds. Added 0 classes and 0 folders.
[2020.08.25-00.30.58:066][  0]LogContentBrowser: Native class hierarchy updated for 'SceneOutliner' in 0.0003 seconds. Added 2 classes and 3 folders.
[2020.08.25-00.30.58:104][  0]LogSlate: Warning: The tab "/Game/NewEditorUtilityWidgetBlueprint.NewEditorUtilityWidgetBlueprint_ActiveTab" attempted to spawn but failed for some reason. It will not be displayed but it will still be saved in the layout settings file.
[2020.08.25-00.30.58:104][  0]LogSlate: Warning: The tab "/Game/NewEditorUtilityWidgetBP.NewEditorUtilityWidgetBP_ActiveTab" attempted to spawn but failed for some reason. It will not be displayed but it will still be saved in the layout settings file.
[2020.08.25-00.30.58:820][  0]LogSlate: Took 0.000136 seconds to synchronously load lazily loaded font '../../../Engine/Content/Slate/Fonts/Roboto-Regular.ttf' (155K)
[2020.08.25-00.30.59:231][  0]LogSlate: Took 0.000123 seconds to synchronously load lazily loaded font '../../../Engine/Content/Slate/Fonts/Roboto-Bold.ttf' (160K)
[2020.08.25-00.30.59:234][  0]LogSlate: Took 0.000104 seconds to synchronously load lazily loaded font '../../../Engine/Content/Editor/Slate/Fonts/FontAwesome.ttf' (139K)
[2020.08.25-00.30.59:289][  0]LogRenderer: Reallocating scene render targets to support 1616x816 Format 10 NumSamples 1 (Frame:1).
[2020.08.25-00.30.59:359][  0]LogContentBrowser: Native class hierarchy updated for 'HierarchicalLODOutliner' in 0.0003 seconds. Added 0 classes and 0 folders.
[2020.08.25-00.30.59:360][  0]LogLoad: (Engine Initialization) Total time: 8.83 seconds
[2020.08.25-00.30.59:360][  0]LogLoad: (Engine Initialization) Total Blueprint compile time: 0.00 seconds
[2020.08.25-00.30.59:401][  0]LogAssetRegistry: Asset discovery search completed in 5.5511 seconds
[2020.08.25-00.30.59:403][  0]LogCollectionManager: Fixed up redirectors for 0 collections in 0.000006 seconds (updated 0 objects)
[2020.08.25-00.30.59:404][  0]LogContentStreaming: Texture pool size now 1000 MB
[2020.08.25-00.31.12:786][395]LogSlate: Window 'Plugins' being destroyed
[2020.08.25-00.31.12:791][395]LogSlate: Window 'Plugins' being destroyed
[2020.08.25-00.31.12:791][395]LogDirectoryWatcher: A directory notification for '../../../Engine/Plugins/' was aborted.
[2020.08.25-00.31.46:140][888]LogSlate: Window 'Function Transfer' being destroyed
[2020.08.25-00.31.46:145][888]LogSlate: Window 'Function Transfer' being destroyed
[2020.08.25-00.31.55:925][701]LogBlueprint: Warning: [Compiler Cleanup] Could not find a variable named "temp_ActorObject" in 'Cleanup_C'.
Make sure 'Cleanup_C' has been compiled for  Get temp_ActorObject
[2020.08.25-00.31.55:925][701]LogBlueprint: Warning: [Compiler Cleanup] Could not find a variable named "temp_ActorObject" in 'Cleanup_C'.
Make sure 'Cleanup_C' has been compiled for  Get temp_ActorObject
[2020.08.25-00.31.55:925][701]LogBlueprint: Warning: [Compiler Cleanup] Could not find a variable named "temp_ActorObject" in 'Cleanup_C'.
Make sure 'Cleanup_C' has been compiled for  Get temp_ActorObject
[2020.08.25-00.31.55:925][701]LogBlueprint: Warning: [Compiler Cleanup] Could not find a variable named "temp_prefix" in 'Cleanup_C'.
Make sure 'Cleanup_C' has been compiled for  Get temp_prefix
[2020.08.25-00.31.55:925][701]LogBlueprint: Warning: [Compiler Cleanup] Could not find a variable named "temp_prefix" in 'Cleanup_C'.
Make sure 'Cleanup_C' has been compiled for  Get temp_prefix
[2020.08.25-00.31.55:925][701]LogBlueprint: Warning: [Compiler Cleanup] Could not find a variable named "MaterialInstance_prefix" in 'Cleanup_C'.
Make sure 'Cleanup_C' has been compiled for  Get MaterialInstance_prefix
[2020.08.25-00.31.55:925][701]LogBlueprint: Warning: [Compiler Cleanup] Could not find a variable named "Material_prefix" in 'Cleanup_C'.
Make sure 'Cleanup_C' has been compiled for  Get Material_prefix
[2020.08.25-00.31.55:925][701]LogBlueprint: Warning: [Compiler Cleanup] Could not find a variable named "StaticMesh_prefix" in 'Cleanup_C'.
Make sure 'Cleanup_C' has been compiled for  Get StaticMesh_prefix
[2020.08.25-00.31.55:925][701]LogBlueprint: Warning: [Compiler Cleanup] Could not find a variable named "MaterialFunction_prefix" in 'Cleanup_C'.
Make sure 'Cleanup_C' has been compiled for  Get MaterialFunction_prefix
[2020.08.25-00.31.55:925][701]LogBlueprint: Warning: [Compiler Cleanup] Could not find a variable named "Particle_prefix" in 'Cleanup_C'.
Make sure 'Cleanup_C' has been compiled for  Get Particle_prefix
[2020.08.25-00.31.55:926][701]LogBlueprint: Warning: [Compiler Cleanup] Could not find a variable named "SoundCue_prefix" in 'Cleanup_C'.
Make sure 'Cleanup_C' has been compiled for  Get SoundCue_prefix
[2020.08.25-00.31.55:926][701]LogBlueprint: Warning: [Compiler Cleanup] Could not find a variable named "SoundWave_prefix" in 'Cleanup_C'.
Make sure 'Cleanup_C' has been compiled for  Get SoundWave_prefix
[2020.08.25-00.31.55:926][701]LogBlueprint: Warning: [Compiler Cleanup] Could not find a variable named "Texture_prefix" in 'Cleanup_C'.
Make sure 'Cleanup_C' has been compiled for  Get Texture_prefix
[2020.08.25-00.31.55:926][701]LogBlueprint: Warning: [Compiler Cleanup] Could not find a variable named "Widget_prefix" in 'Cleanup_C'.
Make sure 'Cleanup_C' has been compiled for  Get Widget_prefix
[2020.08.25-00.31.55:926][701]LogBlueprint: Warning: [Compiler Cleanup] Could not find a variable named "Morph_Target_prefix" in 'Cleanup_C'.
Make sure 'Cleanup_C' has been compiled for  Get Morph_Target_prefix
[2020.08.25-00.31.55:926][701]LogBlueprint: Warning: [Compiler Cleanup] Could not find a variable named "temp_prefix" in 'Cleanup_C'.
Make sure 'Cleanup_C' has been compiled for  Set temp_prefix
[2020.08.25-00.31.55:926][701]LogBlueprint: Warning: [Compiler Cleanup] Could not find a variable named "temp_prefix" in 'Cleanup_C'.
Make sure 'Cleanup_C' has been compiled for  Set temp_prefix
[2020.08.25-00.31.55:926][701]LogBlueprint: Warning: [Compiler Cleanup] Could not find a variable named "temp_prefix" in 'Cleanup_C'.
Make sure 'Cleanup_C' has been compiled for  Set temp_prefix
[2020.08.25-00.31.55:926][701]LogBlueprint: Warning: [Compiler Cleanup] Could not find a variable named "temp_prefix" in 'Cleanup_C'.
Make sure 'Cleanup_C' has been compiled for  Set temp_prefix
[2020.08.25-00.31.55:926][701]LogBlueprint: Warning: [Compiler Cleanup] Could not find a variable named "temp_prefix" in 'Cleanup_C'.
Make sure 'Cleanup_C' has been compiled for  Set temp_prefix
[2020.08.25-00.31.55:926][701]LogBlueprint: Warning: [Compiler Cleanup] Could not find a variable named "temp_prefix" in 'Cleanup_C'.
Make sure 'Cleanup_C' has been compiled for  Set temp_prefix
[2020.08.25-00.31.55:926][701]LogBlueprint: Warning: [Compiler Cleanup] Could not find a variable named "temp_prefix" in 'Cleanup_C'.
Make sure 'Cleanup_C' has been compiled for  Set temp_prefix
[2020.08.25-00.31.55:926][701]LogBlueprint: Warning: [Compiler Cleanup] Could not find a variable named "temp_prefix" in 'Cleanup_C'.
Make sure 'Cleanup_C' has been compiled for  Set temp_prefix
[2020.08.25-00.31.55:926][701]LogBlueprint: Warning: [Compiler Cleanup] Could not find a variable named "temp_prefix" in 'Cleanup_C'.
Make sure 'Cleanup_C' has been compiled for  Set temp_prefix
[2020.08.25-00.31.55:926][701]LogBlueprint: Warning: [Compiler Cleanup] Could not find a variable named "temp_prefix" in 'Cleanup_C'.
Make sure 'Cleanup_C' has been compiled for  Set temp_prefix
[2020.08.25-00.31.55:926][701]LogBlueprint: Warning: [Compiler Cleanup] Could not find a variable named "SkeletalMesh_prefix" in 'Cleanup_C'.
Make sure 'Cleanup_C' has been compiled for  Get SkeletalMesh_prefix
[2020.08.25-00.31.55:927][701]LogBlueprint: Warning: [Compiler Cleanup] Could not find a variable named "temp_prefix" in 'Cleanup_C'.
Make sure 'Cleanup_C' has been compiled for  Set temp_prefix
[2020.08.25-00.31.55:927][701]LogBlueprint: Warning: [Compiler Cleanup] Could not find a variable named "Blueprints_prefix" in 'Cleanup_C'.
Make sure 'Cleanup_C' has been compiled for  Get Blueprints_prefix
[2020.08.25-00.31.55:927][701]LogBlueprint: Warning: [Compiler Cleanup] Could not find a variable named "temp_prefix" in 'Cleanup_C'.
Make sure 'Cleanup_C' has been compiled for  Set temp_prefix
[2020.08.25-00.31.55:929][701]LogBlueprint: Error: [Compiler Cleanup] The property associated with  Blueprints Prefix  could not be found in '/Game/Cleanup.Cleanup_C'
[2020.08.25-00.31.55:929][701]LogBlueprint: Error: [Compiler Cleanup] The property associated with  Skeletal Mesh Prefix  could not be found in '/Game/Cleanup.Cleanup_C'
[2020.08.25-00.31.55:929][701]LogBlueprint: Error: [Compiler Cleanup] The property associated with  Temp Prefix  could not be found in '/Game/Cleanup.Cleanup_C'
[2020.08.25-00.31.55:929][701]LogBlueprint: Error: [Compiler Cleanup] The property associated with  Temp Prefix  could not be found in '/Game/Cleanup.Cleanup_C'
[2020.08.25-00.31.55:929][701]LogBlueprint: Error: [Compiler Cleanup] The property associated with  Morph Target Prefix  could not be found in '/Game/Cleanup.Cleanup_C'
[2020.08.25-00.31.55:929][701]LogBlueprint: Error: [Compiler Cleanup] The property associated with  Widget Prefix  could not be found in '/Game/Cleanup.Cleanup_C'
[2020.08.25-00.31.55:930][701]LogBlueprint: Error: [Compiler Cleanup] The property associated with  Temp Prefix  could not be found in '/Game/Cleanup.Cleanup_C'
[2020.08.25-00.31.55:930][701]LogBlueprint: Error: [Compiler Cleanup] The property associated with  Temp Prefix  could not be found in '/Game/Cleanup.Cleanup_C'
[2020.08.25-00.31.55:930][701]LogBlueprint: Error: [Compiler Cleanup] The property associated with  Texture Prefix  could not be found in '/Game/Cleanup.Cleanup_C'
[2020.08.25-00.31.55:930][701]LogBlueprint: Error: [Compiler Cleanup] The property associated with  Sound Wave Prefix  could not be found in '/Game/Cleanup.Cleanup_C'
[2020.08.25-00.31.55:930][701]LogBlueprint: Error: [Compiler Cleanup] The property associated with  Temp Prefix  could not be found in '/Game/Cleanup.Cleanup_C'
[2020.08.25-00.31.55:930][701]LogBlueprint: Error: [Compiler Cleanup] The property associated with  Temp Prefix  could not be found in '/Game/Cleanup.Cleanup_C'
[2020.08.25-00.31.55:930][701]LogBlueprint: Error: [Compiler Cleanup] The property associated with  Sound Cue Prefix  could not be found in '/Game/Cleanup.Cleanup_C'
[2020.08.25-00.31.55:930][701]LogBlueprint: Error: [Compiler Cleanup] The property associated with  Particle Prefix  could not be found in '/Game/Cleanup.Cleanup_C'
[2020.08.25-00.31.55:930][701]LogBlueprint: Error: [Compiler Cleanup] The property associated with  Temp Prefix  could not be found in '/Game/Cleanup.Cleanup_C'
[2020.08.25-00.31.55:930][701]LogBlueprint: Error: [Compiler Cleanup] The property associated with  Temp Prefix  could not be found in '/Game/Cleanup.Cleanup_C'
[2020.08.25-00.31.55:930][701]LogBlueprint: Error: [Compiler Cleanup] The property associated with  Material Function Prefix  could not be found in '/Game/Cleanup.Cleanup_C'
[2020.08.25-00.31.55:930][701]LogBlueprint: Error: [Compiler Cleanup] The property associated with  Static Mesh Prefix  could not be found in '/Game/Cleanup.Cleanup_C'
[2020.08.25-00.31.55:930][701]LogBlueprint: Error: [Compiler Cleanup] The property associated with  Temp Prefix  could not be found in '/Game/Cleanup.Cleanup_C'
[2020.08.25-00.31.55:930][701]LogBlueprint: Error: [Compiler Cleanup] The property associated with  Temp Prefix  could not be found in '/Game/Cleanup.Cleanup_C'
[2020.08.25-00.31.55:930][701]LogBlueprint: Error: [Compiler Cleanup] The property associated with  Material Prefix  could not be found in '/Game/Cleanup.Cleanup_C'
[2020.08.25-00.31.55:930][701]LogBlueprint: Error: [Compiler Cleanup] The property associated with  Material Instance Prefix  could not be found in '/Game/Cleanup.Cleanup_C'
[2020.08.25-00.31.55:930][701]LogBlueprint: Error: [Compiler Cleanup] The property associated with  Temp Prefix  could not be found in '/Game/Cleanup.Cleanup_C'
[2020.08.25-00.31.55:930][701]LogBlueprint: Error: [Compiler Cleanup] The property associated with  Temp Prefix  could not be found in '/Game/Cleanup.Cleanup_C'
[2020.08.25-00.31.55:930][701]LogBlueprint: Error: [Compiler Cleanup] The property associated with  Temp Prefix  could not be found in '/Game/Cleanup.Cleanup_C'
[2020.08.25-00.31.55:930][701]LogBlueprint: Error: [Compiler Cleanup] The property associated with  Temp Prefix  could not be found in '/Game/Cleanup.Cleanup_C'
[2020.08.25-00.31.55:930][701]LogBlueprint: Error: [Compiler Cleanup] The property associated with  Temp Actor Object  could not be found in '/Game/Cleanup.Cleanup_C'
[2020.08.25-00.31.55:930][701]LogBlueprint: Error: [Compiler Cleanup] The property associated with  Temp Actor Object  could not be found in '/Game/Cleanup.Cleanup_C'
[2020.08.25-00.31.55:930][701]LogBlueprint: Error: [Compiler Cleanup] The property associated with  Temp Actor Object  could not be found in '/Game/Cleanup.Cleanup_C'
[2020.08.25-00.32.44:769][289]LogSlate: Window 'Transfer Properties' being destroyed
[2020.08.25-00.32.44:776][289]LogSlate: Took 0.000159 seconds to synchronously load lazily loaded font '../../../Engine/Content/Slate/Fonts/Roboto-Light.ttf' (167K)
[2020.08.25-00.32.44:806][289]LogBlueprint: Warning: [Compiler Cleanup] Could not find a variable named "temp_ActorObject" in 'Cleanup_C'.
Make sure 'Cleanup_C' has been compiled for  Get temp_ActorObject
[2020.08.25-00.32.44:806][289]LogBlueprint: Warning: [Compiler Cleanup] Could not find a variable named "temp_ActorObject" in 'Cleanup_C'.
Make sure 'Cleanup_C' has been compiled for  Get temp_ActorObject
[2020.08.25-00.32.44:806][289]LogBlueprint: Warning: [Compiler Cleanup] Could not find a variable named "temp_ActorObject" in 'Cleanup_C'.
Make sure 'Cleanup_C' has been compiled for  Get temp_ActorObject
[2020.08.25-00.32.44:806][289]LogBlueprint: Warning: [Compiler Cleanup] Could not find a variable named "temp_prefix" in 'Cleanup_C'.
Make sure 'Cleanup_C' has been compiled for  Get temp_prefix
[2020.08.25-00.32.44:806][289]LogBlueprint: Warning: [Compiler Cleanup] Could not find a variable named "temp_prefix" in 'Cleanup_C'.
Make sure 'Cleanup_C' has been compiled for  Get temp_prefix
[2020.08.25-00.32.44:806][289]LogBlueprint: Warning: [Compiler Cleanup] Could not find a variable named "temp_prefix" in 'Cleanup_C'.
Make sure 'Cleanup_C' has been compiled for  Set temp_prefix
[2020.08.25-00.32.44:806][289]LogBlueprint: Warning: [Compiler Cleanup] Could not find a variable named "temp_prefix" in 'Cleanup_C'.
Make sure 'Cleanup_C' has been compiled for  Set temp_prefix
[2020.08.25-00.32.44:806][289]LogBlueprint: Warning: [Compiler Cleanup] Could not find a variable named "temp_prefix" in 'Cleanup_C'.
Make sure 'Cleanup_C' has been compiled for  Set temp_prefix
[2020.08.25-00.32.44:807][289]LogBlueprint: Warning: [Compiler Cleanup] Could not find a variable named "temp_prefix" in 'Cleanup_C'.
Make sure 'Cleanup_C' has been compiled for  Set temp_prefix
[2020.08.25-00.32.44:807][289]LogBlueprint: Warning: [Compiler Cleanup] Could not find a variable named "temp_prefix" in 'Cleanup_C'.
Make sure 'Cleanup_C' has been compiled for  Set temp_prefix
[2020.08.25-00.32.44:807][289]LogBlueprint: Warning: [Compiler Cleanup] Could not find a variable named "temp_prefix" in 'Cleanup_C'.
Make sure 'Cleanup_C' has been compiled for  Set temp_prefix
[2020.08.25-00.32.44:807][289]LogBlueprint: Warning: [Compiler Cleanup] Could not find a variable named "temp_prefix" in 'Cleanup_C'.
Make sure 'Cleanup_C' has been compiled for  Set temp_prefix
[2020.08.25-00.32.44:807][289]LogBlueprint: Warning: [Compiler Cleanup] Could not find a variable named "temp_prefix" in 'Cleanup_C'.
Make sure 'Cleanup_C' has been compiled for  Set temp_prefix
[2020.08.25-00.32.44:807][289]LogBlueprint: Warning: [Compiler Cleanup] Could not find a variable named "temp_prefix" in 'Cleanup_C'.
Make sure 'Cleanup_C' has been compiled for  Set temp_prefix
[2020.08.25-00.32.44:807][289]LogBlueprint: Warning: [Compiler Cleanup] Could not find a variable named "temp_prefix" in 'Cleanup_C'.
Make sure 'Cleanup_C' has been compiled for  Set temp_prefix
[2020.08.25-00.32.44:807][289]LogBlueprint: Warning: [Compiler Cleanup] Could not find a variable named "temp_prefix" in 'Cleanup_C'.
Make sure 'Cleanup_C' has been compiled for  Set temp_prefix
[2020.08.25-00.32.44:807][289]LogBlueprint: Warning: [Compiler Cleanup] Could not find a variable named "temp_prefix" in 'Cleanup_C'.
Make sure 'Cleanup_C' has been compiled for  Set temp_prefix
[2020.08.25-00.32.44:810][289]LogBlueprint: Error: [Compiler Cleanup] The property associated with  Temp Prefix  could not be found in '/Game/Cleanup.Cleanup_C'
[2020.08.25-00.32.44:810][289]LogBlueprint: Error: [Compiler Cleanup] The property associated with  Temp Prefix  could not be found in '/Game/Cleanup.Cleanup_C'
[2020.08.25-00.32.44:810][289]LogBlueprint: Error: [Compiler Cleanup] The property associated with  Temp Prefix  could not be found in '/Game/Cleanup.Cleanup_C'
[2020.08.25-00.32.44:810][289]LogBlueprint: Error: [Compiler Cleanup] The property associated with  Temp Prefix  could not be found in '/Game/Cleanup.Cleanup_C'
[2020.08.25-00.32.44:810][289]LogBlueprint: Error: [Compiler Cleanup] The property associated with  Temp Prefix  could not be found in '/Game/Cleanup.Cleanup_C'
[2020.08.25-00.32.44:810][289]LogBlueprint: Error: [Compiler Cleanup] The property associated with  Temp Prefix  could not be found in '/Game/Cleanup.Cleanup_C'
[2020.08.25-00.32.44:810][289]LogBlueprint: Error: [Compiler Cleanup] The property associated with  Temp Prefix  could not be found in '/Game/Cleanup.Cleanup_C'
[2020.08.25-00.32.44:810][289]LogBlueprint: Error: [Compiler Cleanup] The property associated with  Temp Prefix  could not be found in '/Game/Cleanup.Cleanup_C'
[2020.08.25-00.32.44:810][289]LogBlueprint: Error: [Compiler Cleanup] The property associated with  Temp Prefix  could not be found in '/Game/Cleanup.Cleanup_C'
[2020.08.25-00.32.44:810][289]LogBlueprint: Error: [Compiler Cleanup] The property associated with  Temp Prefix  could not be found in '/Game/Cleanup.Cleanup_C'
[2020.08.25-00.32.44:810][289]LogBlueprint: Error: [Compiler Cleanup] The property associated with  Temp Prefix  could not be found in '/Game/Cleanup.Cleanup_C'
[2020.08.25-00.32.44:810][289]LogBlueprint: Error: [Compiler Cleanup] The property associated with  Temp Prefix  could not be found in '/Game/Cleanup.Cleanup_C'
[2020.08.25-00.32.44:810][289]LogBlueprint: Error: [Compiler Cleanup] The property associated with  Temp Prefix  could not be found in '/Game/Cleanup.Cleanup_C'
[2020.08.25-00.32.44:810][289]LogBlueprint: Error: [Compiler Cleanup] The property associated with  Temp Prefix  could not be found in '/Game/Cleanup.Cleanup_C'
[2020.08.25-00.32.44:810][289]LogBlueprint: Error: [Compiler Cleanup] The property associated with  Temp Actor Object  could not be found in '/Game/Cleanup.Cleanup_C'
[2020.08.25-00.32.44:810][289]LogBlueprint: Error: [Compiler Cleanup] The property associated with  Temp Actor Object  could not be found in '/Game/Cleanup.Cleanup_C'
[2020.08.25-00.32.44:810][289]LogBlueprint: Error: [Compiler Cleanup] The property associated with  Temp Actor Object  could not be found in '/Game/Cleanup.Cleanup_C'
[2020.08.25-00.32.44:846][289]LogUObjectHash: Compacting FUObjectHashTables data took   1.87ms
[2020.08.25-00.32.46:782][289]LogSlate: Window 'Save Content' being destroyed
[2020.08.25-00.32.46:790][289]Cmd: OBJ SAVEPACKAGE PACKAGE="/Game/Cleanup" FILE="E:/Github/Unreal_Automation_Scripts/AutomationScripts/Content/Cleanup.uasset" SILENT=true
[2020.08.25-00.32.46:835][289]LogSavePackage: Moving 'E:/Github/Unreal_Automation_Scripts/AutomationScripts/Saved/Cleanup598A34504C8AAA8862F67689B45EC7BC.tmp' to 'E:/Github/Unreal_Automation_Scripts/AutomationScripts/Content/Cleanup.uasset'
[2020.08.25-00.32.46:849][289]AssetCheck: New page: Asset Save: Cleanup
[2020.08.25-00.32.46:849][289]LogContentValidation: Display: Validating EditorUtilityWidgetBlueprint /Game/Cleanup.Cleanup
[2020.08.25-00.32.49:609][620]LogSlate: Window 'Property Transfer' being destroyed
[2020.08.25-00.32.49:613][620]LogSlate: Window 'Property Transfer' being destroyed
[2020.08.25-00.32.51:566][845]LogAssetEditorSubsystem: Opening Asset editor for EditorUtilityWidgetBlueprint /Game/Cleanup.Cleanup
[2020.08.25-00.32.51:666][845]LogContentBrowser: Native class hierarchy updated for 'BlueprintGraph' in 0.0005 seconds. Added 121 classes and 0 folders.
[2020.08.25-00.32.52:875][845]LogSlate: Took 0.000179 seconds to synchronously load lazily loaded font '../../../Engine/Content/Slate/Fonts/Roboto-BoldCondensed.ttf' (158K)
[2020.08.25-00.32.54:883][ 82]BlueprintLog: New page: Compile Cleanup
[2020.08.25-00.32.54:892][ 82]LogBlueprint: Warning: [Compiler Cleanup] Could not find a variable named "temp_ActorObject" in 'Cleanup_C'.
Make sure 'Cleanup_C' has been compiled for  Get temp_ActorObject
[2020.08.25-00.32.54:892][ 82]LogBlueprint: Warning: [Compiler Cleanup] Could not find a variable named "temp_ActorObject" in 'Cleanup_C'.
Make sure 'Cleanup_C' has been compiled for  Get temp_ActorObject
[2020.08.25-00.32.54:892][ 82]LogBlueprint: Warning: [Compiler Cleanup] Could not find a variable named "temp_ActorObject" in 'Cleanup_C'.
Make sure 'Cleanup_C' has been compiled for  Get temp_ActorObject
[2020.08.25-00.32.54:892][ 82]LogBlueprint: Warning: [Compiler Cleanup] Could not find a variable named "temp_prefix" in 'Cleanup_C'.
Make sure 'Cleanup_C' has been compiled for  Get temp_prefix
[2020.08.25-00.32.54:892][ 82]LogBlueprint: Warning: [Compiler Cleanup] Could not find a variable named "temp_prefix" in 'Cleanup_C'.
Make sure 'Cleanup_C' has been compiled for  Get temp_prefix
[2020.08.25-00.32.54:892][ 82]LogBlueprint: Warning: [Compiler Cleanup] Could not find a variable named "temp_prefix" in 'Cleanup_C'.
Make sure 'Cleanup_C' has been compiled for  Set temp_prefix
[2020.08.25-00.32.54:892][ 82]LogBlueprint: Warning: [Compiler Cleanup] Could not find a variable named "temp_prefix" in 'Cleanup_C'.
Make sure 'Cleanup_C' has been compiled for  Set temp_prefix
[2020.08.25-00.32.54:892][ 82]LogBlueprint: Warning: [Compiler Cleanup] Could not find a variable named "temp_prefix" in 'Cleanup_C'.
Make sure 'Cleanup_C' has been compiled for  Set temp_prefix
[2020.08.25-00.32.54:892][ 82]LogBlueprint: Warning: [Compiler Cleanup] Could not find a variable named "temp_prefix" in 'Cleanup_C'.
Make sure 'Cleanup_C' has been compiled for  Set temp_prefix
[2020.08.25-00.32.54:893][ 82]LogBlueprint: Warning: [Compiler Cleanup] Could not find a variable named "temp_prefix" in 'Cleanup_C'.
Make sure 'Cleanup_C' has been compiled for  Set temp_prefix
[2020.08.25-00.32.54:893][ 82]LogBlueprint: Warning: [Compiler Cleanup] Could not find a variable named "temp_prefix" in 'Cleanup_C'.
Make sure 'Cleanup_C' has been compiled for  Set temp_prefix
[2020.08.25-00.32.54:893][ 82]LogBlueprint: Warning: [Compiler Cleanup] Could not find a variable named "temp_prefix" in 'Cleanup_C'.
Make sure 'Cleanup_C' has been compiled for  Set temp_prefix
[2020.08.25-00.32.54:893][ 82]LogBlueprint: Warning: [Compiler Cleanup] Could not find a variable named "temp_prefix" in 'Cleanup_C'.
Make sure 'Cleanup_C' has been compiled for  Set temp_prefix
[2020.08.25-00.32.54:893][ 82]LogBlueprint: Warning: [Compiler Cleanup] Could not find a variable named "temp_prefix" in 'Cleanup_C'.
Make sure 'Cleanup_C' has been compiled for  Set temp_prefix
[2020.08.25-00.32.54:893][ 82]LogBlueprint: Warning: [Compiler Cleanup] Could not find a variable named "temp_prefix" in 'Cleanup_C'.
Make sure 'Cleanup_C' has been compiled for  Set temp_prefix
[2020.08.25-00.32.54:893][ 82]LogBlueprint: Warning: [Compiler Cleanup] Could not find a variable named "temp_prefix" in 'Cleanup_C'.
Make sure 'Cleanup_C' has been compiled for  Set temp_prefix
[2020.08.25-00.32.54:893][ 82]LogBlueprint: Warning: [Compiler Cleanup] Could not find a variable named "temp_prefix" in 'Cleanup_C'.
Make sure 'Cleanup_C' has been compiled for  Set temp_prefix
[2020.08.25-00.32.54:896][ 82]LogBlueprint: Error: [Compiler Cleanup] The property associated with  Temp Prefix  could not be found in '/Game/Cleanup.Cleanup_C'
[2020.08.25-00.32.54:896][ 82]LogBlueprint: Error: [Compiler Cleanup] The property associated with  Temp Prefix  could not be found in '/Game/Cleanup.Cleanup_C'
[2020.08.25-00.32.54:896][ 82]LogBlueprint: Error: [Compiler Cleanup] The property associated with  Temp Prefix  could not be found in '/Game/Cleanup.Cleanup_C'
[2020.08.25-00.32.54:896][ 82]LogBlueprint: Error: [Compiler Cleanup] The property associated with  Temp Prefix  could not be found in '/Game/Cleanup.Cleanup_C'
[2020.08.25-00.32.54:896][ 82]LogBlueprint: Error: [Compiler Cleanup] The property associated with  Temp Prefix  could not be found in '/Game/Cleanup.Cleanup_C'
[2020.08.25-00.32.54:896][ 82]LogBlueprint: Error: [Compiler Cleanup] The property associated with  Temp Prefix  could not be found in '/Game/Cleanup.Cleanup_C'
[2020.08.25-00.32.54:896][ 82]LogBlueprint: Error: [Compiler Cleanup] The property associated with  Temp Prefix  could not be found in '/Game/Cleanup.Cleanup_C'
[2020.08.25-00.32.54:896][ 82]LogBlueprint: Error: [Compiler Cleanup] The property associated with  Temp Prefix  could not be found in '/Game/Cleanup.Cleanup_C'
[2020.08.25-00.32.54:896][ 82]LogBlueprint: Error: [Compiler Cleanup] The property associated with  Temp Prefix  could not be found in '/Game/Cleanup.Cleanup_C'
[2020.08.25-00.32.54:896][ 82]LogBlueprint: Error: [Compiler Cleanup] The property associated with  Temp Prefix  could not be found in '/Game/Cleanup.Cleanup_C'
[2020.08.25-00.32.54:896][ 82]LogBlueprint: Error: [Compiler Cleanup] The property associated with  Temp Prefix  could not be found in '/Game/Cleanup.Cleanup_C'
[2020.08.25-00.32.54:896][ 82]LogBlueprint: Error: [Compiler Cleanup] The property associated with  Temp Prefix  could not be found in '/Game/Cleanup.Cleanup_C'
[2020.08.25-00.32.54:896][ 82]LogBlueprint: Error: [Compiler Cleanup] The property associated with  Temp Prefix  could not be found in '/Game/Cleanup.Cleanup_C'
[2020.08.25-00.32.54:896][ 82]LogBlueprint: Error: [Compiler Cleanup] The property associated with  Temp Prefix  could not be found in '/Game/Cleanup.Cleanup_C'
[2020.08.25-00.32.54:896][ 82]LogBlueprint: Error: [Compiler Cleanup] The property associated with  Temp Actor Object  could not be found in '/Game/Cleanup.Cleanup_C'
[2020.08.25-00.32.54:896][ 82]LogBlueprint: Error: [Compiler Cleanup] The property associated with  Temp Actor Object  could not be found in '/Game/Cleanup.Cleanup_C'
[2020.08.25-00.32.54:896][ 82]LogBlueprint: Error: [Compiler Cleanup] The property associated with  Temp Actor Object  could not be found in '/Game/Cleanup.Cleanup_C'
[2020.08.25-00.32.54:945][ 82]LogUObjectHash: Compacting FUObjectHashTables data took   3.36ms
[2020.08.25-00.32.56:545][259]LogSlate: Took 0.000169 seconds to synchronously load lazily loaded font '../../../Engine/Content/Slate/Fonts/Roboto-Italic.ttf' (157K)
[2020.08.25-00.33.04:645][976]BlueprintLog: New page: Compile Cleanup
[2020.08.25-00.33.04:655][976]LogBlueprint: Warning: [Compiler Cleanup] Could not find a variable named "temp_ActorObject" in 'Cleanup_C'.
Make sure 'Cleanup_C' has been compiled for  Get temp_ActorObject
[2020.08.25-00.33.04:655][976]LogBlueprint: Warning: [Compiler Cleanup] Could not find a variable named "temp_ActorObject" in 'Cleanup_C'.
Make sure 'Cleanup_C' has been compiled for  Get temp_ActorObject
[2020.08.25-00.33.04:655][976]LogBlueprint: Warning: [Compiler Cleanup] Could not find a variable named "temp_ActorObject" in 'Cleanup_C'.
Make sure 'Cleanup_C' has been compiled for  Get temp_ActorObject
[2020.08.25-00.33.04:655][976]LogBlueprint: Warning: [Compiler Cleanup] Could not find a variable named "temp_prefix" in 'Cleanup_C'.
Make sure 'Cleanup_C' has been compiled for  Get temp_prefix
[2020.08.25-00.33.04:655][976]LogBlueprint: Warning: [Compiler Cleanup] Could not find a variable named "temp_prefix" in 'Cleanup_C'.
Make sure 'Cleanup_C' has been compiled for  Get temp_prefix
[2020.08.25-00.33.04:655][976]LogBlueprint: Warning: [Compiler Cleanup] Could not find a variable named "temp_prefix" in 'Cleanup_C'.
Make sure 'Cleanup_C' has been compiled for  Set temp_prefix
[2020.08.25-00.33.04:655][976]LogBlueprint: Warning: [Compiler Cleanup] Could not find a variable named "temp_prefix" in 'Cleanup_C'.
Make sure 'Cleanup_C' has been compiled for  Set temp_prefix
[2020.08.25-00.33.04:655][976]LogBlueprint: Warning: [Compiler Cleanup] Could not find a variable named "temp_prefix" in 'Cleanup_C'.
Make sure 'Cleanup_C' has been compiled for  Set temp_prefix
[2020.08.25-00.33.04:655][976]LogBlueprint: Warning: [Compiler Cleanup] Could not find a variable named "temp_prefix" in 'Cleanup_C'.
Make sure 'Cleanup_C' has been compiled for  Set temp_prefix
[2020.08.25-00.33.04:655][976]LogBlueprint: Warning: [Compiler Cleanup] Could not find a variable named "temp_prefix" in 'Cleanup_C'.
Make sure 'Cleanup_C' has been compiled for  Set temp_prefix
[2020.08.25-00.33.04:655][976]LogBlueprint: Warning: [Compiler Cleanup] Could not find a variable named "temp_prefix" in 'Cleanup_C'.
Make sure 'Cleanup_C' has been compiled for  Set temp_prefix
[2020.08.25-00.33.04:655][976]LogBlueprint: Warning: [Compiler Cleanup] Could not find a variable named "temp_prefix" in 'Cleanup_C'.
Make sure 'Cleanup_C' has been compiled for  Set temp_prefix
[2020.08.25-00.33.04:656][976]LogBlueprint: Warning: [Compiler Cleanup] Could not find a variable named "temp_prefix" in 'Cleanup_C'.
Make sure 'Cleanup_C' has been compiled for  Set temp_prefix
[2020.08.25-00.33.04:656][976]LogBlueprint: Warning: [Compiler Cleanup] Could not find a variable named "temp_prefix" in 'Cleanup_C'.
Make sure 'Cleanup_C' has been compiled for  Set temp_prefix
[2020.08.25-00.33.04:656][976]LogBlueprint: Warning: [Compiler Cleanup] Could not find a variable named "temp_prefix" in 'Cleanup_C'.
Make sure 'Cleanup_C' has been compiled for  Set temp_prefix
[2020.08.25-00.33.04:656][976]LogBlueprint: Warning: [Compiler Cleanup] Could not find a variable named "temp_prefix" in 'Cleanup_C'.
Make sure 'Cleanup_C' has been compiled for  Set temp_prefix
[2020.08.25-00.33.04:656][976]LogBlueprint: Warning: [Compiler Cleanup] Could not find a variable named "temp_prefix" in 'Cleanup_C'.
Make sure 'Cleanup_C' has been compiled for  Set temp_prefix
[2020.08.25-00.33.04:659][976]LogBlueprint: Error: [Compiler Cleanup] The property associated with  Temp Prefix  could not be found in '/Game/Cleanup.Cleanup_C'
[2020.08.25-00.33.04:659][976]LogBlueprint: Error: [Compiler Cleanup] The property associated with  Temp Prefix  could not be found in '/Game/Cleanup.Cleanup_C'
[2020.08.25-00.33.04:659][976]LogBlueprint: Error: [Compiler Cleanup] The property associated with  Temp Prefix  could not be found in '/Game/Cleanup.Cleanup_C'
[2020.08.25-00.33.04:659][976]LogBlueprint: Error: [Compiler Cleanup] The property associated with  Temp Prefix  could not be found in '/Game/Cleanup.Cleanup_C'
[2020.08.25-00.33.04:659][976]LogBlueprint: Error: [Compiler Cleanup] The property associated with  Temp Prefix  could not be found in '/Game/Cleanup.Cleanup_C'
[2020.08.25-00.33.04:659][976]LogBlueprint: Error: [Compiler Cleanup] The property associated with  Temp Prefix  could not be found in '/Game/Cleanup.Cleanup_C'
[2020.08.25-00.33.04:659][976]LogBlueprint: Error: [Compiler Cleanup] The property associated with  Temp Prefix  could not be found in '/Game/Cleanup.Cleanup_C'
[2020.08.25-00.33.04:659][976]LogBlueprint: Error: [Compiler Cleanup] The property associated with  Temp Prefix  could not be found in '/Game/Cleanup.Cleanup_C'
[2020.08.25-00.33.04:659][976]LogBlueprint: Error: [Compiler Cleanup] The property associated with  Temp Prefix  could not be found in '/Game/Cleanup.Cleanup_C'
[2020.08.25-00.33.04:659][976]LogBlueprint: Error: [Compiler Cleanup] The property associated with  Temp Prefix  could not be found in '/Game/Cleanup.Cleanup_C'
[2020.08.25-00.33.04:659][976]LogBlueprint: Error: [Compiler Cleanup] The property associated with  Temp Prefix  could not be found in '/Game/Cleanup.Cleanup_C'
[2020.08.25-00.33.04:659][976]LogBlueprint: Error: [Compiler Cleanup] The property associated with  Temp Prefix  could not be found in '/Game/Cleanup.Cleanup_C'
[2020.08.25-00.33.04:659][976]LogBlueprint: Error: [Compiler Cleanup] The property associated with  Temp Prefix  could not be found in '/Game/Cleanup.Cleanup_C'
[2020.08.25-00.33.04:659][976]LogBlueprint: Error: [Compiler Cleanup] The property associated with  Temp Prefix  could not be found in '/Game/Cleanup.Cleanup_C'
[2020.08.25-00.33.04:659][976]LogBlueprint: Error: [Compiler Cleanup] The property associated with  Temp Actor Object  could not be found in '/Game/Cleanup.Cleanup_C'
[2020.08.25-00.33.04:659][976]LogBlueprint: Error: [Compiler Cleanup] The property associated with  Temp Actor Object  could not be found in '/Game/Cleanup.Cleanup_C'
[2020.08.25-00.33.04:659][976]LogBlueprint: Error: [Compiler Cleanup] The property associated with  Temp Actor Object  could not be found in '/Game/Cleanup.Cleanup_C'
[2020.08.25-00.33.04:707][976]LogUObjectHash: Compacting FUObjectHashTables data took   3.42ms
[2020.08.25-00.34.09:460][682]LogSlate: Window 'Function Transfer' being destroyed
[2020.08.25-00.34.09:465][682]LogSlate: Window 'Function Transfer' being destroyed
[2020.08.25-00.34.30:519][774]LogSlate: Window 'Transfer Properties' being destroyed
[2020.08.25-00.34.30:565][774]LogBlueprint: Warning: [Compiler Cleanup] Could not find a variable named "temp_ActorObject" in 'Cleanup_C'.
Make sure 'Cleanup_C' has been compiled for  Get temp_ActorObject
[2020.08.25-00.34.30:565][774]LogBlueprint: Warning: [Compiler Cleanup] Could not find a variable named "temp_ActorObject" in 'Cleanup_C'.
Make sure 'Cleanup_C' has been compiled for  Get temp_ActorObject
[2020.08.25-00.34.30:565][774]LogBlueprint: Warning: [Compiler Cleanup] Could not find a variable named "temp_ActorObject" in 'Cleanup_C'.
Make sure 'Cleanup_C' has been compiled for  Get temp_ActorObject
[2020.08.25-00.34.30:568][774]LogBlueprint: Error: [Compiler Cleanup] The property associated with  Temp Actor Object  could not be found in '/Game/Cleanup.Cleanup_C'
[2020.08.25-00.34.30:568][774]LogBlueprint: Error: [Compiler Cleanup] The property associated with  Temp Actor Object  could not be found in '/Game/Cleanup.Cleanup_C'
[2020.08.25-00.34.30:568][774]LogBlueprint: Error: [Compiler Cleanup] The property associated with  Temp Actor Object  could not be found in '/Game/Cleanup.Cleanup_C'
[2020.08.25-00.34.30:737][774]LogUObjectHash: Compacting FUObjectHashTables data took   3.30ms
[2020.08.25-00.34.32:001][774]LogSlate: Window 'Save Content' being destroyed
[2020.08.25-00.34.32:015][774]Cmd: OBJ SAVEPACKAGE PACKAGE="/Game/Cleanup" FILE="E:/Github/Unreal_Automation_Scripts/AutomationScripts/Content/Cleanup.uasset" SILENT=true
[2020.08.25-00.34.32:058][774]LogSavePackage: Moving 'E:/Github/Unreal_Automation_Scripts/AutomationScripts/Saved/Cleanup85938B8C43F38E89AA336A8236854F48.tmp' to 'E:/Github/Unreal_Automation_Scripts/AutomationScripts/Content/Cleanup.uasset'
[2020.08.25-00.34.32:072][774]AssetCheck: New page: Asset Save: Cleanup
[2020.08.25-00.34.32:072][774]LogContentValidation: Display: Validating EditorUtilityWidgetBlueprint /Game/Cleanup.Cleanup
[2020.08.25-00.35.41:750][322]LogSlate: Window 'Property Transfer' being destroyed
[2020.08.25-00.35.41:755][322]LogSlate: Window 'Property Transfer' being destroyed
[2020.08.25-00.35.59:906][945]BlueprintLog: New page: Compile Cleanup
[2020.08.25-00.35.59:914][945]LogBlueprint: Warning: [Compiler Cleanup] Could not find a variable named "temp_ActorObject" in 'Cleanup_C'.
Make sure 'Cleanup_C' has been compiled for  Get temp_ActorObject
[2020.08.25-00.35.59:917][945]LogBlueprint: Error: [Compiler Cleanup] The property associated with  Temp Actor Object  could not be found in '/Game/Cleanup.Cleanup_C'
[2020.08.25-00.35.59:956][945]LogUObjectHash: Compacting FUObjectHashTables data took   3.24ms
[2020.08.25-00.36.09:058][990]BlueprintLog: New page: Compile Cleanup
[2020.08.25-00.36.09:108][990]LogUObjectHash: Compacting FUObjectHashTables data took   3.12ms
[2020.08.25-00.40.59:996][819]LogUObjectHash: Compacting FUObjectHashTables data took   3.49ms
[2020.08.25-00.40.59:997][819]LogFileHelpers: Editor autosave (incl. sublevels) for '/Temp/Untitled_1' took 0.034
[2020.08.25-00.40.59:997][819]OBJ SavePackage: Generating thumbnails for [0] asset(s) in package [/Game/Cleanup] ([1] browsable assets)...
[2020.08.25-00.40.59:997][819]OBJ SavePackage: Finished generating thumbnails for package [/Game/Cleanup]
[2020.08.25-00.40.59:997][819]Cmd: OBJ SAVEPACKAGE PACKAGE="/Game/Cleanup" FILE="E:/Github/Unreal_Automation_Scripts/AutomationScripts/Saved/Autosaves/Game/Cleanup_Auto1.uasset" SILENT=false AUTOSAVING=true
[2020.08.25-00.41.00:044][819]LogSavePackage: Moving 'E:/Github/Unreal_Automation_Scripts/AutomationScripts/Saved/Cleanup_Auto1708E48E84348632B95CA23BE4CCF8C13.tmp' to 'E:/Github/Unreal_Automation_Scripts/AutomationScripts/Saved/Autosaves/Game/Cleanup_Auto1.uasset'
[2020.08.25-00.41.00:045][819]LogFileHelpers: Auto-saving content packages took 0.048
[2020.08.25-00.49.21:895][551]LogUObjectHash: Compacting FUObjectHashTables data took   0.97ms
[2020.08.25-00.49.23:454][551]LogSlate: Window 'Save Content' being destroyed
[2020.08.25-00.49.23:478][551]Cmd: OBJ SAVEPACKAGE PACKAGE="/Game/Cleanup" FILE="E:/Github/Unreal_Automation_Scripts/AutomationScripts/Content/Cleanup.uasset" SILENT=true
[2020.08.25-00.49.23:523][551]LogSavePackage: Moving 'E:/Github/Unreal_Automation_Scripts/AutomationScripts/Saved/CleanupE9BA35A6460F270CDF391A9D2C240EBC.tmp' to 'E:/Github/Unreal_Automation_Scripts/AutomationScripts/Content/Cleanup.uasset'
[2020.08.25-00.49.23:537][551]AssetCheck: New page: Asset Save: Cleanup
[2020.08.25-00.49.23:537][551]LogContentValidation: Display: Validating EditorUtilityWidgetBlueprint /Game/Cleanup.Cleanup
